-- Model 0 sim0
.probe
  .back_absorption = back_absorption sim0 = 1
  .background = background_0 = 1.05296e-06 in [-1e-07,1e-05]
  .intensity = 0.999759 in [0.9,1.05]
  .sample_broadening = -0.000378022 in [-0.005,0.02]
  .theta_offset = 0.00140632 in [-0.015,0.005]
.sample
  .layers
    [0]
      .interface = siox_interface = 6.98501 in [2,9]
      .material
        .irho = silicon irho = 0
        .rho = silicon rho = 2.069
      .thickness = silicon thickness = 0
    [1]
      .interface = siox_interface = 6.98501 in [2,9]
      .material
        .irho = siox irho = 0
        .rho = rho_siox = 3.76193 in [3.1,5.1]
      .thickness = siox_thickness = 12.7647 in [5,40]
    [2]
      .interface = tiox interface = 0
      .material
        .irho = tiox irho = 0
        .rho = rho_tiox = -1.01031 in [-2.15829,-0.15829]
      .thickness = tiox_thickness = 111.398 in [66.379,266.38]
    [3]
      .bulknsld = rho_solv_0 = 6.25239 in [5.3,6.5]
      .global_rough = tiox_roughness = 7.09311 in [2,9]
      .interface = bilayer interface = 0
      .l_lipid1 = inner_acyl_chain_thickness = 10.898 in [8,16]
      .l_lipid2 = outer_acyl_chain_thickness = 13.622 in [8,16]
      .l_submembrane = submembrane_thickness = 13.9906 in [0,50]
      .rho_substrate = rho_tiox = -1.01031 in [-2.15829,-0.15829]
      .sigma = bilayer_roughness = 4.96656 in [2,9]
      .thickness = bilayer thickness = 150
      .vf_bilayer = volume_fraction_bilayer = 0.912771 in [0,1]
    [4]
      .interface = d2o interface = 5
      .material
        .irho = d2o irho = 0
        .rho = rho_solv_0 = 6.25239 in [5.3,6.5]
      .thickness = d2o thickness = 0
  .thickness = stack thickness = 274.163

[chisq=0.85(14), nllf=54.6504]
-- Model 1 sim1
.probe
  .back_absorption = back_absorption sim1 = 1
  .background = background_1 = 3.98753e-06 in [-1e-07,1e-05]
  .intensity = 0.999759 in [0.9,1.05]
  .sample_broadening = -0.000378022 in [-0.005,0.02]
  .theta_offset = 0.00140632 in [-0.015,0.005]
.sample
  .layers
    [0]
      .interface = siox_interface = 6.98501 in [2,9]
      .material
        .irho = silicon irho = 0
        .rho = silicon rho = 2.069
      .thickness = silicon thickness = 0
    [1]
      .interface = siox_interface = 6.98501 in [2,9]
      .material
        .irho = siox irho = 0
        .rho = rho_siox = 3.76193 in [3.1,5.1]
      .thickness = siox_thickness = 12.7647 in [5,40]
    [2]
      .interface = tiox interface = 0
      .material
        .irho = tiox irho = 0
        .rho = rho_tiox = -1.01031 in [-2.15829,-0.15829]
      .thickness = tiox_thickness = 111.398 in [66.379,266.38]
    [3]
      .bulknsld = rho_solv_1 = -0.532526 in [-0.6,0.6]
      .global_rough = tiox_roughness = 7.09311 in [2,9]
      .interface = bilayer interface = 0
      .l_lipid1 = inner_acyl_chain_thickness = 10.898 in [8,16]
      .l_lipid2 = outer_acyl_chain_thickness = 13.622 in [8,16]
      .l_submembrane = submembrane_thickness = 13.9906 in [0,50]
      .rho_substrate = rho_tiox = -1.01031 in [-2.15829,-0.15829]
      .sigma = bilayer_roughness = 4.96656 in [2,9]
      .thickness = bilayer thickness = 150
      .vf_bilayer = volume_fraction_bilayer = 0.912771 in [0,1]
    [4]
      .interface = h2o interface = 5
      .material
        .irho = h2o irho = 0
        .rho = rho_solv_1 = -0.532526 in [-0.6,0.6]
      .thickness = h2o thickness = 0
  .thickness = stack thickness = 274.163

[chisq=1.07(14), nllf=68.9166]
[overall chisq=1.030(84), nllf=123.567]
              Parameter       mean  median    best [   68% interval] [   95% interval]
 1         background_0 1.043(41)e-6 0.000001044 0.000001053 [0.00000100 0.00000109] [0.00000096 0.00000112]
 2            intensity 0.99995(97) 0.99994 0.99976 [ 0.9990  1.0010] [ 0.9981  1.0017]
 3    sample_broadening -0.53(61)e-3 -0.00049 -0.00038 [-0.0011  0.0000] [-0.0018  0.0006]
 4         theta_offset 0.0(13)e-3 0.00002 0.00141 [-0.0013  0.0013] [-0.0023  0.0024]
 5       siox_interface   6.94(34)   6.956   6.985 [   6.55    7.30] [   6.30    7.61]
 6             rho_siox   3.73(50)   3.624   3.762 [   3.23    4.28] [   3.12    4.97]
 7       siox_thickness   13.5(23)  13.666  12.765 [  10.81   15.94] [   9.10   17.09]
 8             rho_tiox -0.998(12) -0.9978 -1.0103 [ -1.010  -0.986] [ -1.021  -0.977]
 9       tiox_thickness 111.32(71) 111.249 111.398 [ 110.55  112.15] [ 110.29  112.82]
10           rho_solv_0  6.217(31)   6.216   6.252 [   6.18    6.25] [   6.16    6.28]
11       tiox_roughness   6.92(14)   6.924   7.093 [   6.77    7.06] [   6.65    7.20]
12 inner_acyl_chain_thickness  11.04(25)  11.045  10.898 [  10.77   11.30] [  10.56   11.50]
13 outer_acyl_chain_thickness  13.55(28)  13.572  13.622 [  13.26   13.82] [  12.98   14.07]
14 submembrane_thickness  14.05(19)  14.067  13.991 [  13.85   14.24] [  13.68   14.40]
15    bilayer_roughness   4.99(26)   5.018   4.967 [   4.71    5.26] [   4.50    5.43]
16 volume_fraction_bilayer  0.915(11)  0.9144  0.9128 [  0.904   0.926] [  0.893   0.935]
17         background_1 3.986(64)e-6 0.000003985 0.000003988 [0.00000392 0.00000405] [0.00000386 0.00000411]
18           rho_solv_1 -0.539(15) -0.5394 -0.5325 [ -0.555  -0.525] [ -0.568  -0.510]

Statistics and plots based on 91469 samples (100.0% of total samples drawn)
