-- Model 0 kr031.refl
[0] = d_oxide = 27.1386 in [5,40]
[1] = d_Cr = 12.0045 in [10,60]
[2] = d_gold = 140.085 in [120,180]
[3] = l_tether = 6.15699 in [6,18]
[4] = l_lipid1 = 14.3227 in [8,22]
[5] = l_lipid2 = 10.4945 in [7,20]
[6] = dl_lipid_gcrinse1 = 0.12527 in [-3,1]
[7] = nf_tether = 0.914454 in [0.4,1]
[8] = mult_tether = 0.110863 in [0.1,4]
[9] = vf_bilayer = 0.999771 in [0.8,1]
[10] = vf_bilayer_gcrinse1 = 0.999113 in [0.6,1]
[11] = fraction_rinse2 = 0.96389 in [0.5,1]
[12] = dp_on0 = -5.08019 in [-7,15]
[13] = dp_on1 = -3.04115 in [-7,7]
[14] = dp_on2 = -0.795635 in [-7,7]
[15] = dp_on3 = -4.21816 in [-7,7]
[16] = dp_on4 = -5.39244 in [-7,7]
[17] = dp_on5 = 2.07166 in [-7,7]
[18] = dp_on6 = -3.65269 in [-7,7]
[19] = dp_on7 = 5.20461 in [-7,7]
[20] = dp_on8 = 3.05368 in [-7,7]
[21] = vf_on1 = -0.000388032 in [-0.001,0.1]
[22] = vf_on2 = 0.0243012 in [-0.001,0.4]
[23] = vf_on3 = 0.0392614 in [-0.001,0.5]
[24] = vf_on4 = 0.00276528 in [-0.001,0.4]
[25] = vf_on5 = 0.0771454 in [-0.001,0.4]
[26] = vf_on6 = 0.057724 in [-0.001,0.4]
[27] = vf_on7 = 0.013405 in [-0.001,0.4]
[28] = frac2_on0 = 0.994131 in [0,1]
[29] = frac2_on1 = 0.131596 in [0,1]
[30] = frac2_on2 = 0.198737 in [0,1]
[31] = frac2_on3 = 0.46263 in [0,1]
[32] = frac2_on4 = 0.20962 in [0,1]
[33] = frac2_on5 = 0.119255 in [0,1]
[34] = frac2_on6 = 0.0251001 in [0,1]
[35] = frac2_on7 = 0.0991725 in [0,1]
[36] = rho_SiOx = 3.33859 in [3.2,3.8]
[37] = rho_Cr = 3.8062 in [2.7,4.25]
[38] = rho_Au = 4.43664 in [4.2,4.8]
[39] = rho_solv_0 = 6.28762 in [5.8,6.34]
[40] = rho_solv_1 = -0.534264 in [-0.56,-0.1]
[41] = rho_solv_2 = -0.557353 in [-0.56,-0.1]
[42] = rho_solv_3 = 6.28 in [5.8,6.34]
[43] = global_rough = 3.83535 in [1,25]
[44] = rough_cr_au = 9.15352 in [1,10]
[45] = sigma = 4.46337 in [2,5]
[46] = thetaoffset0 = -0.00133542 in [-0.01,0.01]
[47] = background_0 = -7.61277 in [-9,-5]
[48] = background_1 = -5.66373 in [-9,-5]
[49] = background_2 = -5.64104 in [-9,-5]
[50] = background_3 = -7.59052 in [-9,-5]

[chisq=4.98(49), nllf=279.076]
-- Model 1 kr032.refl
None
[chisq=5.4152(89), nllf=303.254]
-- Model 2 kr035.refl
None
[chisq=4.5909(89), nllf=257.093]
-- Model 3 kr036.refl
None
[chisq=6.5405(89), nllf=366.268]
[overall chisq=6.07(14), nllf=1205.69]
              Parameter       mean  median    best [   68% interval] [   95% interval]
 1              d_oxide     23(10)   23.17   27.14 [   10.8    34.6] [    5.8    39.1]
 2                 d_Cr     36(15)   36.10   12.00 [   17.9    52.7] [   11.3    59.0]
 3               d_gold    150(17)  150.05  140.09 [  130.1   170.7] [  121.2   178.6]
 4             l_tether   11.9(35)   11.80    6.16 [    7.9    16.0] [    6.3    17.7]
 5             l_lipid1   15.0(41)   15.02   14.32 [   10.2    19.8] [    8.3    21.7]
 6             l_lipid2   13.4(38)   13.26   10.49 [    8.8    17.9] [    7.3    19.7]
 7    dl_lipid_gcrinse1   -1.0(12)  -1.044   0.125 [  -2.42    0.38] [  -2.90    0.90]
 8            nf_tether   0.70(17)   0.704   0.914 [   0.50    0.91] [   0.42    0.98]
 9          mult_tether    2.0(11)   2.034   0.111 [   0.71    3.38] [   0.18    3.89]
10           vf_bilayer  0.900(58)   0.899   1.000 [   0.83    0.97] [   0.81    1.00]
11  vf_bilayer_gcrinse1   0.80(12)   0.805   0.999 [   0.66    0.94] [   0.61    0.99]
12      fraction_rinse2   0.75(15)   0.752   0.964 [   0.57    0.92] [   0.51    0.99]
13               dp_on0    3.9(63)    3.98   -5.08 [   -3.7    11.2] [   -6.5    14.4]
14               dp_on1   -0.1(41)   -0.24   -3.04 [   -4.9     4.8] [   -6.6     6.7]
15               dp_on2   -0.0(41)   -0.09   -0.80 [   -4.8     4.7] [   -6.7     6.7]
16               dp_on3    0.1(41)    0.02   -4.22 [   -4.7     5.0] [   -6.6     6.6]
17               dp_on4    0.1(41)    0.00   -5.39 [   -4.8     5.0] [   -6.7     6.7]
18               dp_on5   -0.0(41)   -0.06    2.07 [   -4.8     4.9] [   -6.6     6.7]
19               dp_on6    0.0(41)    0.11   -3.65 [   -4.9     4.8] [   -6.7     6.6]
20               dp_on7   -0.0(41)    0.10    5.20 [   -4.9     4.8] [   -6.6     6.7]
21               dp_on8    0.2(41)    0.34    3.05 [   -4.7     4.9] [   -6.6     6.7]
22               vf_on1  49(29)e-3  0.0485 -0.0004 [  0.015   0.084] [  0.001   0.098]
23               vf_on2   0.20(12)   0.200   0.024 [   0.06    0.34] [   0.01    0.39]
24               vf_on3   0.25(15)   0.242   0.039 [   0.07    0.42] [   0.01    0.49]
25               vf_on4   0.20(12)   0.200   0.003 [   0.06    0.34] [   0.01    0.39]
26               vf_on5   0.21(12)   0.208   0.077 [   0.07    0.34] [   0.01    0.39]
27               vf_on6   0.20(12)   0.197   0.058 [   0.06    0.34] [   0.01    0.39]
28               vf_on7   0.20(12)   0.204   0.013 [   0.06    0.34] [   0.01    0.39]
29            frac2_on0   0.50(30)   0.495   0.994 [   0.15    0.85] [   0.02    0.97]
30            frac2_on1   0.51(29)   0.508   0.132 [   0.17    0.84] [   0.03    0.97]
31            frac2_on2   0.51(29)   0.510   0.199 [   0.16    0.85] [   0.02    0.98]
32            frac2_on3   0.50(29)   0.498   0.463 [   0.16    0.84] [   0.02    0.98]
33            frac2_on4   0.50(29)   0.489   0.210 [   0.16    0.85] [   0.03    0.98]
34            frac2_on5   0.50(29)   0.500   0.119 [   0.15    0.85] [   0.02    0.98]
35            frac2_on6   0.51(29)   0.520   0.025 [   0.17    0.85] [   0.02    0.97]
36            frac2_on7   0.50(29)   0.497   0.099 [   0.15    0.84] [   0.02    0.98]
37             rho_SiOx   3.50(18)   3.500   3.339 [   3.30    3.71] [   3.22    3.79]
38               rho_Cr   3.47(46)   3.463   3.806 [   2.93    4.02] [   2.73    4.22]
39               rho_Au   4.50(17)   4.491   4.437 [   4.30    4.70] [   4.21    4.79]
40           rho_solv_0   6.07(16)   6.068   6.288 [   5.88    6.26] [   5.81    6.33]
41           rho_solv_1  -0.33(14)  -0.322  -0.534 [  -0.49   -0.17] [  -0.55   -0.11]
42           rho_solv_2  -0.33(14)  -0.335  -0.557 [  -0.49   -0.17] [  -0.55   -0.11]
43           rho_solv_3   6.07(16)   6.067   6.280 [   5.88    6.25] [   5.81    6.33]
44         global_rough   13.2(69)   13.12    3.84 [    5.1    21.2] [    1.7    24.5]
45          rough_cr_au    5.5(26)   5.434   9.154 [   2.48    8.56] [   1.25    9.80]
46                sigma   3.52(88)   3.517   4.463 [   2.47    4.57] [   2.07    4.94]
47         thetaoffset0 0.3(58)e-3  0.0005 -0.0013 [ -0.007   0.007] [ -0.009   0.010]
48         background_0   -7.0(12)  -6.992  -7.613 [  -8.39   -5.62] [  -8.92   -5.10]
49         background_1   -7.0(12)  -6.950  -5.664 [  -8.39   -5.60] [  -8.90   -5.09]
50         background_2   -7.0(12)  -7.016  -5.641 [  -8.36   -5.64] [  -8.90   -5.10]
51         background_3   -6.9(12)  -6.878  -7.591 [  -8.33   -5.60] [  -8.88   -5.11]

Statistics and plots based on 10710 samples (100.0% of total samples drawn)
/Users/frank/opt/anaconda3/envs/Python37/lib/python3.7/site-packages/bumps/wsolve.py:243: RuntimeWarning: divide by zero encountered in true_divide
  A, y = A/dy, y/dy
