-- Model 0 sim0
.probe
  .back_absorption = back_absorption sim0 = 1
  .background = background_0 = 1.0047e-06 in [-1e-07,1e-05]
  .intensity = 0.973216 in [0.9,1.05]
  .sample_broadening = 0.00543469 in [-0.005,0.02]
  .theta_offset = -0.00990256 in [-0.015,0.005]
.sample
  .layers
    [0]
      .interface = siox_interface = 4.60261 in [2,9]
      .material
        .irho = silicon irho = 0
        .rho = silicon rho = 2.069
      .thickness = silicon thickness = 0
    [1]
      .interface = siox_interface = 4.60261 in [2,9]
      .material
        .irho = siox irho = 0
        .rho = rho_siox = 4.51718 in [3.1,5.1]
      .thickness = siox_thickness = 5.8115 in [5,40]
    [2]
      .interface = tiox interface = 0
      .material
        .irho = tiox irho = 0
        .rho = rho_tiox = 2.15594 in [1.163,3.163]
      .thickness = tiox_thickness = 113.032 in [66.379,266.38]
    [3]
      .bulknsld = rho_solv_0 = 5.81571 in [5.3,6.5]
      .global_rough = tiox_roughness = 7.10028 in [2,9]
      .interface = bilayer interface = 0
      .l_lipid1 = inner_acyl_chain_thickness = 13.0458 in [8,16]
      .l_lipid2 = outer_acyl_chain_thickness = 12.7607 in [8,16]
      .l_submembrane = submembrane_thickness = 12.8559 in [0,50]
      .rho_substrate = rho_tiox = 2.15594 in [1.163,3.163]
      .sigma = bilayer_roughness = 3.26555 in [2,9]
      .thickness = bilayer thickness = 150
      .vf_bilayer = volume_fraction_bilayer = 0.883472 in [0,1]
    [4]
      .interface = d2o interface = 5
      .material
        .irho = d2o irho = 0
        .rho = rho_solv_0 = 5.81571 in [5.3,6.5]
      .thickness = d2o thickness = 0
  .thickness = stack thickness = 268.843

[chisq=7.33(14), nllf=472.48]
-- Model 1 sim1
.probe
  .back_absorption = back_absorption sim1 = 1
  .background = background_1 = 2.66194e-06 in [-1e-07,1e-05]
  .intensity = 0.973216 in [0.9,1.05]
  .sample_broadening = 0.00543469 in [-0.005,0.02]
  .theta_offset = -0.00990256 in [-0.015,0.005]
.sample
  .layers
    [0]
      .interface = siox_interface = 4.60261 in [2,9]
      .material
        .irho = silicon irho = 0
        .rho = silicon rho = 2.069
      .thickness = silicon thickness = 0
    [1]
      .interface = siox_interface = 4.60261 in [2,9]
      .material
        .irho = siox irho = 0
        .rho = rho_siox = 4.51718 in [3.1,5.1]
      .thickness = siox_thickness = 5.8115 in [5,40]
    [2]
      .interface = tiox interface = 0
      .material
        .irho = tiox irho = 0
        .rho = rho_tiox = 2.15594 in [1.163,3.163]
      .thickness = tiox_thickness = 113.032 in [66.379,266.38]
    [3]
      .bulknsld = rho_solv_1 = -0.466653 in [-0.6,0.6]
      .global_rough = tiox_roughness = 7.10028 in [2,9]
      .interface = bilayer interface = 0
      .l_lipid1 = inner_acyl_chain_thickness = 13.0458 in [8,16]
      .l_lipid2 = outer_acyl_chain_thickness = 12.7607 in [8,16]
      .l_submembrane = submembrane_thickness = 12.8559 in [0,50]
      .rho_substrate = rho_tiox = 2.15594 in [1.163,3.163]
      .sigma = bilayer_roughness = 3.26555 in [2,9]
      .thickness = bilayer thickness = 150
      .vf_bilayer = volume_fraction_bilayer = 0.883472 in [0,1]
    [4]
      .interface = h2o interface = 5
      .material
        .irho = h2o irho = 0
        .rho = rho_solv_1 = -0.466653 in [-0.6,0.6]
      .thickness = h2o thickness = 0
  .thickness = stack thickness = 268.843

[chisq=5.85(14), nllf=377.641]
[overall chisq=7.084(84), nllf=850.121]
              Parameter       mean  median    best [   68% interval] [   95% interval]
 1         background_0 2.1(14)e-6 0.00000173 0.00000100 [0.0000008 0.0000035] [0.0000001 0.0000057]
 2            intensity  0.983(42)   0.984   0.973 [   0.93    1.03] [   0.91    1.05]
 3    sample_broadening 7.4(67)e-3  0.0074  0.0054 [ -0.001   0.015] [ -0.004   0.019]
 4         theta_offset -5.1(59)e-3 -0.0052 -0.0099 [ -0.012   0.002] [ -0.015   0.005]
 5       siox_interface    6.4(20)   6.897   4.603 [   4.00    8.48] [   2.61    8.94]
 6             rho_siox   3.78(53)   3.655   4.517 [   3.24    4.45] [   3.14    4.92]
 7       siox_thickness     18(11)   13.29    5.81 [    6.6    33.6] [    5.3    39.2]
 8             rho_tiox   2.14(28)   2.203   2.156 [   1.84    2.41] [   1.48    2.52]
 9       tiox_thickness    124(43)   111.4   113.0 [     91     168] [     74     246]
10           rho_solv_0   5.92(21)   5.933   5.816 [   5.70    6.13] [   5.47    6.31]
11       tiox_roughness    5.8(20)   5.759   7.100 [   3.53    8.13] [   2.28    8.86]
12 inner_acyl_chain_thickness   12.1(22)  12.101  13.046 [   9.52   14.72] [   8.37   15.88]
13 outer_acyl_chain_thickness   12.3(22)  12.357  12.761 [   9.57   14.91] [   8.31   15.82]
14 submembrane_thickness   18.6(63)   17.95   12.86 [   12.4    24.5] [    9.0    32.9]
15    bilayer_roughness    4.8(17)   4.676   3.266 [   2.84    6.76] [   2.15    8.11]
16 volume_fraction_bilayer   0.76(21)   0.835   0.883 [   0.53    0.94] [   0.21    0.99]
17         background_1 4.3(25)e-6 0.00000414 0.00000266 [0.0000016 0.0000071] [0.0000003 0.0000095]
18           rho_solv_1  -0.00(32)  -0.024  -0.467 [  -0.35    0.38] [  -0.56    0.56]

Statistics and plots based on 10980 samples (100.0% of total samples drawn)
