-- Model 0 
.frac_deut = 0.858305 in [0.7,0.99]
.l_lipid = 11.0548 in [8,12]
.sigma = 2.30578 in [2,3]

[chisq=0.0(12), nllf=0]
-- Model 1 sim0.dat
.background = background0 = 0.0676871 in [0.01,2]
.n = 100
.radius = 500
.radius_effective = (radius + 50.0) = 550
.radius_effective_mode = 1
.radius_pd = 0.33
.radius_pd_n = 35
.radius_pd_nsigma = 3
.scale = scale0 = 1.58752 in [0.01,15]
.sld1 = 6.26244
.sld10 = 6.26243
.sld100 = 6.26244
.sld100_M0 = 0
.sld100_mphi = 0
.sld100_mtheta = 0
.sld10_M0 = 0
.sld10_mphi = 0
.sld10_mtheta = 0
.sld11 = 6.26242
.sld11_M0 = 0
.sld11_mphi = 0
.sld11_mtheta = 0
.sld12 = 6.26232
.sld12_M0 = 0
.sld12_mphi = 0
.sld12_mtheta = 0
.sld13 = 6.26177
.sld13_M0 = 0
.sld13_mphi = 0
.sld13_mtheta = 0
.sld14 = 6.25936
.sld14_M0 = 0
.sld14_mphi = 0
.sld14_mtheta = 0
.sld15 = 6.25049
.sld15_M0 = 0
.sld15_mphi = 0
.sld15_mtheta = 0
.sld16 = 6.22345
.sld16_M0 = 0
.sld16_mphi = 0
.sld16_mtheta = 0
.sld17 = 6.15495
.sld17_M0 = 0
.sld17_mphi = 0
.sld17_mtheta = 0
.sld18 = 6.01068
.sld18_M0 = 0
.sld18_mphi = 0
.sld18_mtheta = 0
.sld19 = 5.75811
.sld19_M0 = 0
.sld19_mphi = 0
.sld19_mtheta = 0
.sld1_M0 = 0
.sld1_mphi = 0
.sld1_mtheta = 0
.sld2 = 6.26244
.sld20 = 5.39071
.sld20_M0 = 0
.sld20_mphi = 0
.sld20_mtheta = 0
.sld21 = 4.94794
.sld21_M0 = 0
.sld21_mphi = 0
.sld21_mtheta = 0
.sld22 = 4.50987
.sld22_M0 = 0
.sld22_mphi = 0
.sld22_mtheta = 0
.sld23 = 4.16316
.sld23_M0 = 0
.sld23_mphi = 0
.sld23_mtheta = 0
.sld24 = 3.96143
.sld24_M0 = 0
.sld24_mphi = 0
.sld24_mtheta = 0
.sld25 = 3.90831
.sld25_M0 = 0
.sld25_mphi = 0
.sld25_mtheta = 0
.sld26 = 3.97182
.sld26_M0 = 0
.sld26_mphi = 0
.sld26_mtheta = 0
.sld27 = 4.11502
.sld27_M0 = 0
.sld27_mphi = 0
.sld27_mtheta = 0
.sld28 = 4.31845
.sld28_M0 = 0
.sld28_mphi = 0
.sld28_mtheta = 0
.sld29 = 4.57827
.sld29_M0 = 0
.sld29_mphi = 0
.sld29_mtheta = 0
.sld2_M0 = 0
.sld2_mphi = 0
.sld2_mtheta = 0
.sld3 = 6.26244
.sld30 = 4.88522
.sld30_M0 = 0
.sld30_mphi = 0
.sld30_mtheta = 0
.sld31 = 5.20778
.sld31_M0 = 0
.sld31_mphi = 0
.sld31_mtheta = 0
.sld32 = 5.49858
.sld32_M0 = 0
.sld32_mphi = 0
.sld32_mtheta = 0
.sld33 = 5.71838
.sld33_M0 = 0
.sld33_mphi = 0
.sld33_mtheta = 0
.sld34 = 5.85411
.sld34_M0 = 0
.sld34_mphi = 0
.sld34_mtheta = 0
.sld35 = 5.91667
.sld35_M0 = 0
.sld35_mphi = 0
.sld35_mtheta = 0
.sld36 = 5.92532
.sld36_M0 = 0
.sld36_mphi = 0
.sld36_mtheta = 0
.sld37 = 5.89453
.sld37_M0 = 0
.sld37_mphi = 0
.sld37_mtheta = 0
.sld38 = 5.8313
.sld38_M0 = 0
.sld38_mphi = 0
.sld38_mtheta = 0
.sld39 = 5.74044
.sld39_M0 = 0
.sld39_mphi = 0
.sld39_mtheta = 0
.sld3_M0 = 0
.sld3_mphi = 0
.sld3_mtheta = 0
.sld4 = 6.26244
.sld40 = 5.63153
.sld40_M0 = 0
.sld40_mphi = 0
.sld40_mtheta = 0
.sld41 = 5.52239
.sld41_M0 = 0
.sld41_mphi = 0
.sld41_mtheta = 0
.sld42 = 5.43658
.sld42_M0 = 0
.sld42_mphi = 0
.sld42_mtheta = 0
.sld43 = 5.39585
.sld43_M0 = 0
.sld43_mphi = 0
.sld43_mtheta = 0
.sld44 = 5.41138
.sld44_M0 = 0
.sld44_mphi = 0
.sld44_mtheta = 0
.sld45 = 5.47884
.sld45_M0 = 0
.sld45_mphi = 0
.sld45_mtheta = 0
.sld46 = 5.58034
.sld46_M0 = 0
.sld46_mphi = 0
.sld46_mtheta = 0
.sld47 = 5.69204
.sld47_M0 = 0
.sld47_mphi = 0
.sld47_mtheta = 0
.sld48 = 5.79281
.sld48_M0 = 0
.sld48_mphi = 0
.sld48_mtheta = 0
.sld49 = 5.8694
.sld49_M0 = 0
.sld49_mphi = 0
.sld49_mtheta = 0
.sld4_M0 = 0
.sld4_mphi = 0
.sld4_mtheta = 0
.sld5 = 6.26244
.sld50 = 5.91556
.sld50_M0 = 0
.sld50_mphi = 0
.sld50_mtheta = 0
.sld51 = 5.92621
.sld51_M0 = 0
.sld51_mphi = 0
.sld51_mtheta = 0
.sld52 = 5.8906
.sld52_M0 = 0
.sld52_mphi = 0
.sld52_mtheta = 0
.sld53 = 5.79062
.sld53_M0 = 0
.sld53_mphi = 0
.sld53_mtheta = 0
.sld54 = 5.60939
.sld54_M0 = 0
.sld54_mphi = 0
.sld54_mtheta = 0
.sld55 = 5.34752
.sld55_M0 = 0
.sld55_mphi = 0
.sld55_mtheta = 0
.sld56 = 5.03337
.sld56_M0 = 0
.sld56_mphi = 0
.sld56_mtheta = 0
.sld57 = 4.71389
.sld57_M0 = 0
.sld57_mphi = 0
.sld57_mtheta = 0
.sld58 = 4.43023
.sld58_M0 = 0
.sld58_mphi = 0
.sld58_mtheta = 0
.sld59 = 4.20091
.sld59_M0 = 0
.sld59_mphi = 0
.sld59_mtheta = 0
.sld5_M0 = 0
.sld5_mphi = 0
.sld5_mtheta = 0
.sld6 = 6.26244
.sld60 = 4.02914
.sld60_M0 = 0
.sld60_mphi = 0
.sld60_mtheta = 0
.sld61 = 3.92538
.sld61_M0 = 0
.sld61_mphi = 0
.sld61_mtheta = 0
.sld62 = 3.92011
.sld62_M0 = 0
.sld62_mphi = 0
.sld62_mtheta = 0
.sld63 = 4.05151
.sld63_M0 = 0
.sld63_mphi = 0
.sld63_mtheta = 0
.sld64 = 4.33562
.sld64_M0 = 0
.sld64_mphi = 0
.sld64_mtheta = 0
.sld65 = 4.74158
.sld65_M0 = 0
.sld65_mphi = 0
.sld65_mtheta = 0
.sld66 = 5.19368
.sld66_M0 = 0
.sld66_mphi = 0
.sld66_mtheta = 0
.sld67 = 5.60345
.sld67_M0 = 0
.sld67_mphi = 0
.sld67_mtheta = 0
.sld68 = 5.91015
.sld68_M0 = 0
.sld68_mphi = 0
.sld68_mtheta = 0
.sld69 = 6.10071
.sld69_M0 = 0
.sld69_mphi = 0
.sld69_mtheta = 0
.sld6_M0 = 0
.sld6_mphi = 0
.sld6_mtheta = 0
.sld7 = 6.26244
.sld70 = 6.19915
.sld70_M0 = 0
.sld70_mphi = 0
.sld70_mtheta = 0
.sld71 = 6.24145
.sld71_M0 = 0
.sld71_mphi = 0
.sld71_mtheta = 0
.sld72 = 6.25656
.sld72_M0 = 0
.sld72_mphi = 0
.sld72_mtheta = 0
.sld73 = 6.26105
.sld73_M0 = 0
.sld73_mphi = 0
.sld73_mtheta = 0
.sld74 = 6.26216
.sld74_M0 = 0
.sld74_mphi = 0
.sld74_mtheta = 0
.sld75 = 6.26239
.sld75_M0 = 0
.sld75_mphi = 0
.sld75_mtheta = 0
.sld76 = 6.26243
.sld76_M0 = 0
.sld76_mphi = 0
.sld76_mtheta = 0
.sld77 = 6.26244
.sld77_M0 = 0
.sld77_mphi = 0
.sld77_mtheta = 0
.sld78 = 6.26244
.sld78_M0 = 0
.sld78_mphi = 0
.sld78_mtheta = 0
.sld79 = 6.26244
.sld79_M0 = 0
.sld79_mphi = 0
.sld79_mtheta = 0
.sld7_M0 = 0
.sld7_mphi = 0
.sld7_mtheta = 0
.sld8 = 6.26244
.sld80 = 6.26244
.sld80_M0 = 0
.sld80_mphi = 0
.sld80_mtheta = 0
.sld81 = 6.26244
.sld81_M0 = 0
.sld81_mphi = 0
.sld81_mtheta = 0
.sld82 = 6.26244
.sld82_M0 = 0
.sld82_mphi = 0
.sld82_mtheta = 0
.sld83 = 6.26244
.sld83_M0 = 0
.sld83_mphi = 0
.sld83_mtheta = 0
.sld84 = 6.26244
.sld84_M0 = 0
.sld84_mphi = 0
.sld84_mtheta = 0
.sld85 = 6.26244
.sld85_M0 = 0
.sld85_mphi = 0
.sld85_mtheta = 0
.sld86 = 6.26244
.sld86_M0 = 0
.sld86_mphi = 0
.sld86_mtheta = 0
.sld87 = 6.26244
.sld87_M0 = 0
.sld87_mphi = 0
.sld87_mtheta = 0
.sld88 = 6.26244
.sld88_M0 = 0
.sld88_mphi = 0
.sld88_mtheta = 0
.sld89 = 6.26244
.sld89_M0 = 0
.sld89_mphi = 0
.sld89_mtheta = 0
.sld8_M0 = 0
.sld8_mphi = 0
.sld8_mtheta = 0
.sld9 = 6.26244
.sld90 = 6.26244
.sld90_M0 = 0
.sld90_mphi = 0
.sld90_mtheta = 0
.sld91 = 6.26244
.sld91_M0 = 0
.sld91_mphi = 0
.sld91_mtheta = 0
.sld92 = 6.26244
.sld92_M0 = 0
.sld92_mphi = 0
.sld92_mtheta = 0
.sld93 = 6.26244
.sld93_M0 = 0
.sld93_mphi = 0
.sld93_mtheta = 0
.sld94 = 6.26244
.sld94_M0 = 0
.sld94_mphi = 0
.sld94_mtheta = 0
.sld95 = 6.26244
.sld95_M0 = 0
.sld95_mphi = 0
.sld95_mtheta = 0
.sld96 = 6.26244
.sld96_M0 = 0
.sld96_mphi = 0
.sld96_mtheta = 0
.sld97 = 6.26244
.sld97_M0 = 0
.sld97_mphi = 0
.sld97_mtheta = 0
.sld98 = 6.26244
.sld98_M0 = 0
.sld98_mphi = 0
.sld98_mtheta = 0
.sld99 = 6.26244
.sld99_M0 = 0
.sld99_mphi = 0
.sld99_mtheta = 0
.sld9_M0 = 0
.sld9_mphi = 0
.sld9_mtheta = 0
.sld_core = sld_solvent0 = 6.26244 in [6.2,6.4]
.sld_core_M0 = 0
.sld_core_mphi = 0
.sld_core_mtheta = 0
.sld_solvent = sld_solvent0 = 6.26244 in [6.2,6.4]
.sld_solvent_M0 = 0
.sld_solvent_mphi = 0
.sld_solvent_mtheta = 0
.structure_factor_mode = 0
.thickness1 = 1
.thickness10 = 1
.thickness100 = 1
.thickness100_pd = 0
.thickness100_pd_n = 35
.thickness100_pd_nsigma = 3
.thickness10_pd = 0
.thickness10_pd_n = 35
.thickness10_pd_nsigma = 3
.thickness11 = 1
.thickness11_pd = 0
.thickness11_pd_n = 35
.thickness11_pd_nsigma = 3
.thickness12 = 1
.thickness12_pd = 0
.thickness12_pd_n = 35
.thickness12_pd_nsigma = 3
.thickness13 = 1
.thickness13_pd = 0
.thickness13_pd_n = 35
.thickness13_pd_nsigma = 3
.thickness14 = 1
.thickness14_pd = 0
.thickness14_pd_n = 35
.thickness14_pd_nsigma = 3
.thickness15 = 1
.thickness15_pd = 0
.thickness15_pd_n = 35
.thickness15_pd_nsigma = 3
.thickness16 = 1
.thickness16_pd = 0
.thickness16_pd_n = 35
.thickness16_pd_nsigma = 3
.thickness17 = 1
.thickness17_pd = 0
.thickness17_pd_n = 35
.thickness17_pd_nsigma = 3
.thickness18 = 1
.thickness18_pd = 0
.thickness18_pd_n = 35
.thickness18_pd_nsigma = 3
.thickness19 = 1
.thickness19_pd = 0
.thickness19_pd_n = 35
.thickness19_pd_nsigma = 3
.thickness1_pd = 0
.thickness1_pd_n = 35
.thickness1_pd_nsigma = 3
.thickness2 = 1
.thickness20 = 1
.thickness20_pd = 0
.thickness20_pd_n = 35
.thickness20_pd_nsigma = 3
.thickness21 = 1
.thickness21_pd = 0
.thickness21_pd_n = 35
.thickness21_pd_nsigma = 3
.thickness22 = 1
.thickness22_pd = 0
.thickness22_pd_n = 35
.thickness22_pd_nsigma = 3
.thickness23 = 1
.thickness23_pd = 0
.thickness23_pd_n = 35
.thickness23_pd_nsigma = 3
.thickness24 = 1
.thickness24_pd = 0
.thickness24_pd_n = 35
.thickness24_pd_nsigma = 3
.thickness25 = 1
.thickness25_pd = 0
.thickness25_pd_n = 35
.thickness25_pd_nsigma = 3
.thickness26 = 1
.thickness26_pd = 0
.thickness26_pd_n = 35
.thickness26_pd_nsigma = 3
.thickness27 = 1
.thickness27_pd = 0
.thickness27_pd_n = 35
.thickness27_pd_nsigma = 3
.thickness28 = 1
.thickness28_pd = 0
.thickness28_pd_n = 35
.thickness28_pd_nsigma = 3
.thickness29 = 1
.thickness29_pd = 0
.thickness29_pd_n = 35
.thickness29_pd_nsigma = 3
.thickness2_pd = 0
.thickness2_pd_n = 35
.thickness2_pd_nsigma = 3
.thickness3 = 1
.thickness30 = 1
.thickness30_pd = 0
.thickness30_pd_n = 35
.thickness30_pd_nsigma = 3
.thickness31 = 1
.thickness31_pd = 0
.thickness31_pd_n = 35
.thickness31_pd_nsigma = 3
.thickness32 = 1
.thickness32_pd = 0
.thickness32_pd_n = 35
.thickness32_pd_nsigma = 3
.thickness33 = 1
.thickness33_pd = 0
.thickness33_pd_n = 35
.thickness33_pd_nsigma = 3
.thickness34 = 1
.thickness34_pd = 0
.thickness34_pd_n = 35
.thickness34_pd_nsigma = 3
.thickness35 = 1
.thickness35_pd = 0
.thickness35_pd_n = 35
.thickness35_pd_nsigma = 3
.thickness36 = 1
.thickness36_pd = 0
.thickness36_pd_n = 35
.thickness36_pd_nsigma = 3
.thickness37 = 1
.thickness37_pd = 0
.thickness37_pd_n = 35
.thickness37_pd_nsigma = 3
.thickness38 = 1
.thickness38_pd = 0
.thickness38_pd_n = 35
.thickness38_pd_nsigma = 3
.thickness39 = 1
.thickness39_pd = 0
.thickness39_pd_n = 35
.thickness39_pd_nsigma = 3
.thickness3_pd = 0
.thickness3_pd_n = 35
.thickness3_pd_nsigma = 3
.thickness4 = 1
.thickness40 = 1
.thickness40_pd = 0
.thickness40_pd_n = 35
.thickness40_pd_nsigma = 3
.thickness41 = 1
.thickness41_pd = 0
.thickness41_pd_n = 35
.thickness41_pd_nsigma = 3
.thickness42 = 1
.thickness42_pd = 0
.thickness42_pd_n = 35
.thickness42_pd_nsigma = 3
.thickness43 = 1
.thickness43_pd = 0
.thickness43_pd_n = 35
.thickness43_pd_nsigma = 3
.thickness44 = 1
.thickness44_pd = 0
.thickness44_pd_n = 35
.thickness44_pd_nsigma = 3
.thickness45 = 1
.thickness45_pd = 0
.thickness45_pd_n = 35
.thickness45_pd_nsigma = 3
.thickness46 = 1
.thickness46_pd = 0
.thickness46_pd_n = 35
.thickness46_pd_nsigma = 3
.thickness47 = 1
.thickness47_pd = 0
.thickness47_pd_n = 35
.thickness47_pd_nsigma = 3
.thickness48 = 1
.thickness48_pd = 0
.thickness48_pd_n = 35
.thickness48_pd_nsigma = 3
.thickness49 = 1
.thickness49_pd = 0
.thickness49_pd_n = 35
.thickness49_pd_nsigma = 3
.thickness4_pd = 0
.thickness4_pd_n = 35
.thickness4_pd_nsigma = 3
.thickness5 = 1
.thickness50 = 1
.thickness50_pd = 0
.thickness50_pd_n = 35
.thickness50_pd_nsigma = 3
.thickness51 = 1
.thickness51_pd = 0
.thickness51_pd_n = 35
.thickness51_pd_nsigma = 3
.thickness52 = 1
.thickness52_pd = 0
.thickness52_pd_n = 35
.thickness52_pd_nsigma = 3
.thickness53 = 1
.thickness53_pd = 0
.thickness53_pd_n = 35
.thickness53_pd_nsigma = 3
.thickness54 = 1
.thickness54_pd = 0
.thickness54_pd_n = 35
.thickness54_pd_nsigma = 3
.thickness55 = 1
.thickness55_pd = 0
.thickness55_pd_n = 35
.thickness55_pd_nsigma = 3
.thickness56 = 1
.thickness56_pd = 0
.thickness56_pd_n = 35
.thickness56_pd_nsigma = 3
.thickness57 = 1
.thickness57_pd = 0
.thickness57_pd_n = 35
.thickness57_pd_nsigma = 3
.thickness58 = 1
.thickness58_pd = 0
.thickness58_pd_n = 35
.thickness58_pd_nsigma = 3
.thickness59 = 1
.thickness59_pd = 0
.thickness59_pd_n = 35
.thickness59_pd_nsigma = 3
.thickness5_pd = 0
.thickness5_pd_n = 35
.thickness5_pd_nsigma = 3
.thickness6 = 1
.thickness60 = 1
.thickness60_pd = 0
.thickness60_pd_n = 35
.thickness60_pd_nsigma = 3
.thickness61 = 1
.thickness61_pd = 0
.thickness61_pd_n = 35
.thickness61_pd_nsigma = 3
.thickness62 = 1
.thickness62_pd = 0
.thickness62_pd_n = 35
.thickness62_pd_nsigma = 3
.thickness63 = 1
.thickness63_pd = 0
.thickness63_pd_n = 35
.thickness63_pd_nsigma = 3
.thickness64 = 1
.thickness64_pd = 0
.thickness64_pd_n = 35
.thickness64_pd_nsigma = 3
.thickness65 = 1
.thickness65_pd = 0
.thickness65_pd_n = 35
.thickness65_pd_nsigma = 3
.thickness66 = 1
.thickness66_pd = 0
.thickness66_pd_n = 35
.thickness66_pd_nsigma = 3
.thickness67 = 1
.thickness67_pd = 0
.thickness67_pd_n = 35
.thickness67_pd_nsigma = 3
.thickness68 = 1
.thickness68_pd = 0
.thickness68_pd_n = 35
.thickness68_pd_nsigma = 3
.thickness69 = 1
.thickness69_pd = 0
.thickness69_pd_n = 35
.thickness69_pd_nsigma = 3
.thickness6_pd = 0
.thickness6_pd_n = 35
.thickness6_pd_nsigma = 3
.thickness7 = 1
.thickness70 = 1
.thickness70_pd = 0
.thickness70_pd_n = 35
.thickness70_pd_nsigma = 3
.thickness71 = 1
.thickness71_pd = 0
.thickness71_pd_n = 35
.thickness71_pd_nsigma = 3
.thickness72 = 1
.thickness72_pd = 0
.thickness72_pd_n = 35
.thickness72_pd_nsigma = 3
.thickness73 = 1
.thickness73_pd = 0
.thickness73_pd_n = 35
.thickness73_pd_nsigma = 3
.thickness74 = 1
.thickness74_pd = 0
.thickness74_pd_n = 35
.thickness74_pd_nsigma = 3
.thickness75 = 1
.thickness75_pd = 0
.thickness75_pd_n = 35
.thickness75_pd_nsigma = 3
.thickness76 = 1
.thickness76_pd = 0
.thickness76_pd_n = 35
.thickness76_pd_nsigma = 3
.thickness77 = 1
.thickness77_pd = 0
.thickness77_pd_n = 35
.thickness77_pd_nsigma = 3
.thickness78 = 1
.thickness78_pd = 0
.thickness78_pd_n = 35
.thickness78_pd_nsigma = 3
.thickness79 = 1
.thickness79_pd = 0
.thickness79_pd_n = 35
.thickness79_pd_nsigma = 3
.thickness7_pd = 0
.thickness7_pd_n = 35
.thickness7_pd_nsigma = 3
.thickness8 = 1
.thickness80 = 1
.thickness80_pd = 0
.thickness80_pd_n = 35
.thickness80_pd_nsigma = 3
.thickness81 = 1
.thickness81_pd = 0
.thickness81_pd_n = 35
.thickness81_pd_nsigma = 3
.thickness82 = 1
.thickness82_pd = 0
.thickness82_pd_n = 35
.thickness82_pd_nsigma = 3
.thickness83 = 1
.thickness83_pd = 0
.thickness83_pd_n = 35
.thickness83_pd_nsigma = 3
.thickness84 = 1
.thickness84_pd = 0
.thickness84_pd_n = 35
.thickness84_pd_nsigma = 3
.thickness85 = 1
.thickness85_pd = 0
.thickness85_pd_n = 35
.thickness85_pd_nsigma = 3
.thickness86 = 1
.thickness86_pd = 0
.thickness86_pd_n = 35
.thickness86_pd_nsigma = 3
.thickness87 = 1
.thickness87_pd = 0
.thickness87_pd_n = 35
.thickness87_pd_nsigma = 3
.thickness88 = 1
.thickness88_pd = 0
.thickness88_pd_n = 35
.thickness88_pd_nsigma = 3
.thickness89 = 1
.thickness89_pd = 0
.thickness89_pd_n = 35
.thickness89_pd_nsigma = 3
.thickness8_pd = 0
.thickness8_pd_n = 35
.thickness8_pd_nsigma = 3
.thickness9 = 1
.thickness90 = 1
.thickness90_pd = 0
.thickness90_pd_n = 35
.thickness90_pd_nsigma = 3
.thickness91 = 1
.thickness91_pd = 0
.thickness91_pd_n = 35
.thickness91_pd_nsigma = 3
.thickness92 = 1
.thickness92_pd = 0
.thickness92_pd_n = 35
.thickness92_pd_nsigma = 3
.thickness93 = 1
.thickness93_pd = 0
.thickness93_pd_n = 35
.thickness93_pd_nsigma = 3
.thickness94 = 1
.thickness94_pd = 0
.thickness94_pd_n = 35
.thickness94_pd_nsigma = 3
.thickness95 = 1
.thickness95_pd = 0
.thickness95_pd_n = 35
.thickness95_pd_nsigma = 3
.thickness96 = 1
.thickness96_pd = 0
.thickness96_pd_n = 35
.thickness96_pd_nsigma = 3
.thickness97 = 1
.thickness97_pd = 0
.thickness97_pd_n = 35
.thickness97_pd_nsigma = 3
.thickness98 = 1
.thickness98_pd = 0
.thickness98_pd_n = 35
.thickness98_pd_nsigma = 3
.thickness99 = 1
.thickness99_pd = 0
.thickness99_pd_n = 35
.thickness99_pd_nsigma = 3
.thickness9_pd = 0
.thickness9_pd_n = 35
.thickness9_pd_nsigma = 3
.up_angle = 0
.up_frac_f = 0
.up_frac_i = 0
.up_phi = 0
.volfraction = vf0 = 0.0927062 in [0.01,0.1]

[chisq=11.644(21), nllf=1315.81]
-- Model 2 sim1.dat
.background = background1 = 0.68969 in [0.01,2]
.n = 100
.radius = 500
.radius_effective = radius = 500
.radius_effective_mode = 1
.radius_pd = 0.33
.radius_pd_n = 35
.radius_pd_nsigma = 3
.scale = scale0 = 1.58752 in [0.01,15]
.sld1 = 1.90868
.sld10 = 1.90868
.sld100 = 1.90868
.sld100_M0 = 0
.sld100_mphi = 0
.sld100_mtheta = 0
.sld10_M0 = 0
.sld10_mphi = 0
.sld10_mtheta = 0
.sld11 = 1.90867
.sld11_M0 = 0
.sld11_mphi = 0
.sld11_mtheta = 0
.sld12 = 1.90864
.sld12_M0 = 0
.sld12_mphi = 0
.sld12_mtheta = 0
.sld13 = 1.90845
.sld13_M0 = 0
.sld13_mphi = 0
.sld13_mtheta = 0
.sld14 = 1.90761
.sld14_M0 = 0
.sld14_mphi = 0
.sld14_mtheta = 0
.sld15 = 1.90461
.sld15_M0 = 0
.sld15_mphi = 0
.sld15_mtheta = 0
.sld16 = 1.89566
.sld16_M0 = 0
.sld16_mphi = 0
.sld16_mtheta = 0
.sld17 = 1.87383
.sld17_M0 = 0
.sld17_mphi = 0
.sld17_mtheta = 0
.sld18 = 1.83046
.sld18_M0 = 0
.sld18_mphi = 0
.sld18_mtheta = 0
.sld19 = 1.76131
.sld19_M0 = 0
.sld19_mphi = 0
.sld19_mtheta = 0
.sld1_M0 = 0
.sld1_mphi = 0
.sld1_mtheta = 0
.sld2 = 1.90868
.sld20 = 1.67557
.sld20_M0 = 0
.sld20_mphi = 0
.sld20_mtheta = 0
.sld21 = 1.59996
.sld21_M0 = 0
.sld21_mphi = 0
.sld21_mtheta = 0
.sld22 = 1.57012
.sld22_M0 = 0
.sld22_mphi = 0
.sld22_mtheta = 0
.sld23 = 1.61217
.sld23_M0 = 0
.sld23_mphi = 0
.sld23_mtheta = 0
.sld24 = 1.72891
.sld24_M0 = 0
.sld24_mphi = 0
.sld24_mtheta = 0
.sld25 = 1.90338
.sld25_M0 = 0
.sld25_mphi = 0
.sld25_mtheta = 0
.sld26 = 2.11898
.sld26_M0 = 0
.sld26_mphi = 0
.sld26_mtheta = 0
.sld27 = 2.38218
.sld27_M0 = 0
.sld27_mphi = 0
.sld27_mtheta = 0
.sld28 = 2.7276
.sld28_M0 = 0
.sld28_mphi = 0
.sld28_mtheta = 0
.sld29 = 3.19291
.sld29_M0 = 0
.sld29_mphi = 0
.sld29_mtheta = 0
.sld2_M0 = 0
.sld2_mphi = 0
.sld2_mtheta = 0
.sld3 = 1.90868
.sld30 = 3.77589
.sld30_M0 = 0
.sld30_mphi = 0
.sld30_mtheta = 0
.sld31 = 4.41125
.sld31_M0 = 0
.sld31_mphi = 0
.sld31_mtheta = 0
.sld32 = 4.99545
.sld32_M0 = 0
.sld32_mphi = 0
.sld32_mtheta = 0
.sld33 = 5.44272
.sld33_M0 = 0
.sld33_mphi = 0
.sld33_mtheta = 0
.sld34 = 5.72445
.sld34_M0 = 0
.sld34_mphi = 0
.sld34_mtheta = 0
.sld35 = 5.86469
.sld35_M0 = 0
.sld35_mphi = 0
.sld35_mtheta = 0
.sld36 = 5.90765
.sld36_M0 = 0
.sld36_mphi = 0
.sld36_mtheta = 0
.sld37 = 5.88946
.sld37_M0 = 0
.sld37_mphi = 0
.sld37_mtheta = 0
.sld38 = 5.83008
.sld38_M0 = 0
.sld38_mphi = 0
.sld38_mtheta = 0
.sld39 = 5.74019
.sld39_M0 = 0
.sld39_mphi = 0
.sld39_mtheta = 0
.sld3_M0 = 0
.sld3_mphi = 0
.sld3_mtheta = 0
.sld4 = 1.90868
.sld40 = 5.63149
.sld40_M0 = 0
.sld40_mphi = 0
.sld40_mtheta = 0
.sld41 = 5.52239
.sld41_M0 = 0
.sld41_mphi = 0
.sld41_mtheta = 0
.sld42 = 5.43658
.sld42_M0 = 0
.sld42_mphi = 0
.sld42_mtheta = 0
.sld43 = 5.39585
.sld43_M0 = 0
.sld43_mphi = 0
.sld43_mtheta = 0
.sld44 = 5.41138
.sld44_M0 = 0
.sld44_mphi = 0
.sld44_mtheta = 0
.sld45 = 5.47883
.sld45_M0 = 0
.sld45_mphi = 0
.sld45_mtheta = 0
.sld46 = 5.58033
.sld46_M0 = 0
.sld46_mphi = 0
.sld46_mtheta = 0
.sld47 = 5.69193
.sld47_M0 = 0
.sld47_mphi = 0
.sld47_mtheta = 0
.sld48 = 5.79221
.sld48_M0 = 0
.sld48_mphi = 0
.sld48_mtheta = 0
.sld49 = 5.86671
.sld49_M0 = 0
.sld49_mphi = 0
.sld49_mtheta = 0
.sld4_M0 = 0
.sld4_mphi = 0
.sld4_mtheta = 0
.sld5 = 1.90868
.sld50 = 5.90539
.sld50_M0 = 0
.sld50_mphi = 0
.sld50_mtheta = 0
.sld51 = 5.89384
.sld51_M0 = 0
.sld51_mphi = 0
.sld51_mtheta = 0
.sld52 = 5.80347
.sld52_M0 = 0
.sld52_mphi = 0
.sld52_mtheta = 0
.sld53 = 5.59142
.sld53_M0 = 0
.sld53_mphi = 0
.sld53_mtheta = 0
.sld54 = 5.21999
.sld54_M0 = 0
.sld54_mphi = 0
.sld54_mtheta = 0
.sld55 = 4.6907
.sld55_M0 = 0
.sld55_mphi = 0
.sld55_mtheta = 0
.sld56 = 4.0656
.sld56_M0 = 0
.sld56_mphi = 0
.sld56_mtheta = 0
.sld57 = 3.44717
.sld57_M0 = 0
.sld57_mphi = 0
.sld57_mtheta = 0
.sld58 = 2.92409
.sld58_M0 = 0
.sld58_mphi = 0
.sld58_mtheta = 0
.sld59 = 2.52718
.sld59_M0 = 0
.sld59_mphi = 0
.sld59_mtheta = 0
.sld5_M0 = 0
.sld5_mphi = 0
.sld5_mtheta = 0
.sld6 = 1.90868
.sld60 = 2.23182
.sld60_M0 = 0
.sld60_mphi = 0
.sld60_mtheta = 0
.sld61 = 1.99716
.sld61_M0 = 0
.sld61_mphi = 0
.sld61_mtheta = 0
.sld62 = 1.80276
.sld62_M0 = 0
.sld62_mphi = 0
.sld62_mtheta = 0
.sld63 = 1.65692
.sld63_M0 = 0
.sld63_mphi = 0
.sld63_mtheta = 0
.sld64 = 1.57955
.sld64_M0 = 0
.sld64_mphi = 0
.sld64_mtheta = 0
.sld65 = 1.57857
.sld65_M0 = 0
.sld65_mphi = 0
.sld65_mtheta = 0
.sld66 = 1.63764
.sld66_M0 = 0
.sld66_mphi = 0
.sld66_mtheta = 0
.sld67 = 1.72302
.sld67_M0 = 0
.sld67_mphi = 0
.sld67_mtheta = 0
.sld68 = 1.80197
.sld68_M0 = 0
.sld68_mphi = 0
.sld68_mtheta = 0
.sld69 = 1.85717
.sld69_M0 = 0
.sld69_mphi = 0
.sld69_mtheta = 0
.sld6_M0 = 0
.sld6_mphi = 0
.sld6_mtheta = 0
.sld7 = 1.90868
.sld70 = 1.88781
.sld70_M0 = 0
.sld70_mphi = 0
.sld70_mtheta = 0
.sld71 = 1.90159
.sld71_M0 = 0
.sld71_mphi = 0
.sld71_mtheta = 0
.sld72 = 1.90666
.sld72_M0 = 0
.sld72_mphi = 0
.sld72_mtheta = 0
.sld73 = 1.9082
.sld73_M0 = 0
.sld73_mphi = 0
.sld73_mtheta = 0
.sld74 = 1.90858
.sld74_M0 = 0
.sld74_mphi = 0
.sld74_mtheta = 0
.sld75 = 1.90866
.sld75_M0 = 0
.sld75_mphi = 0
.sld75_mtheta = 0
.sld76 = 1.90868
.sld76_M0 = 0
.sld76_mphi = 0
.sld76_mtheta = 0
.sld77 = 1.90868
.sld77_M0 = 0
.sld77_mphi = 0
.sld77_mtheta = 0
.sld78 = 1.90868
.sld78_M0 = 0
.sld78_mphi = 0
.sld78_mtheta = 0
.sld79 = 1.90868
.sld79_M0 = 0
.sld79_mphi = 0
.sld79_mtheta = 0
.sld7_M0 = 0
.sld7_mphi = 0
.sld7_mtheta = 0
.sld8 = 1.90868
.sld80 = 1.90868
.sld80_M0 = 0
.sld80_mphi = 0
.sld80_mtheta = 0
.sld81 = 1.90868
.sld81_M0 = 0
.sld81_mphi = 0
.sld81_mtheta = 0
.sld82 = 1.90868
.sld82_M0 = 0
.sld82_mphi = 0
.sld82_mtheta = 0
.sld83 = 1.90868
.sld83_M0 = 0
.sld83_mphi = 0
.sld83_mtheta = 0
.sld84 = 1.90868
.sld84_M0 = 0
.sld84_mphi = 0
.sld84_mtheta = 0
.sld85 = 1.90868
.sld85_M0 = 0
.sld85_mphi = 0
.sld85_mtheta = 0
.sld86 = 1.90868
.sld86_M0 = 0
.sld86_mphi = 0
.sld86_mtheta = 0
.sld87 = 1.90868
.sld87_M0 = 0
.sld87_mphi = 0
.sld87_mtheta = 0
.sld88 = 1.90868
.sld88_M0 = 0
.sld88_mphi = 0
.sld88_mtheta = 0
.sld89 = 1.90868
.sld89_M0 = 0
.sld89_mphi = 0
.sld89_mtheta = 0
.sld8_M0 = 0
.sld8_mphi = 0
.sld8_mtheta = 0
.sld9 = 1.90868
.sld90 = 1.90868
.sld90_M0 = 0
.sld90_mphi = 0
.sld90_mtheta = 0
.sld91 = 1.90868
.sld91_M0 = 0
.sld91_mphi = 0
.sld91_mtheta = 0
.sld92 = 1.90868
.sld92_M0 = 0
.sld92_mphi = 0
.sld92_mtheta = 0
.sld93 = 1.90868
.sld93_M0 = 0
.sld93_mphi = 0
.sld93_mtheta = 0
.sld94 = 1.90868
.sld94_M0 = 0
.sld94_mphi = 0
.sld94_mtheta = 0
.sld95 = 1.90868
.sld95_M0 = 0
.sld95_mphi = 0
.sld95_mtheta = 0
.sld96 = 1.90868
.sld96_M0 = 0
.sld96_mphi = 0
.sld96_mtheta = 0
.sld97 = 1.90868
.sld97_M0 = 0
.sld97_mphi = 0
.sld97_mtheta = 0
.sld98 = 1.90868
.sld98_M0 = 0
.sld98_mphi = 0
.sld98_mtheta = 0
.sld99 = 1.90868
.sld99_M0 = 0
.sld99_mphi = 0
.sld99_mtheta = 0
.sld9_M0 = 0
.sld9_mphi = 0
.sld9_mtheta = 0
.sld_core = sld_solvent1 = 1.90868 in [1,3]
.sld_core_M0 = 0
.sld_core_mphi = 0
.sld_core_mtheta = 0
.sld_solvent = sld_solvent1 = 1.90868 in [1,3]
.sld_solvent_M0 = 0
.sld_solvent_mphi = 0
.sld_solvent_mtheta = 0
.structure_factor_mode = 0
.thickness1 = 1
.thickness10 = 1
.thickness100 = 1
.thickness100_pd = 0
.thickness100_pd_n = 35
.thickness100_pd_nsigma = 3
.thickness10_pd = 0
.thickness10_pd_n = 35
.thickness10_pd_nsigma = 3
.thickness11 = 1
.thickness11_pd = 0
.thickness11_pd_n = 35
.thickness11_pd_nsigma = 3
.thickness12 = 1
.thickness12_pd = 0
.thickness12_pd_n = 35
.thickness12_pd_nsigma = 3
.thickness13 = 1
.thickness13_pd = 0
.thickness13_pd_n = 35
.thickness13_pd_nsigma = 3
.thickness14 = 1
.thickness14_pd = 0
.thickness14_pd_n = 35
.thickness14_pd_nsigma = 3
.thickness15 = 1
.thickness15_pd = 0
.thickness15_pd_n = 35
.thickness15_pd_nsigma = 3
.thickness16 = 1
.thickness16_pd = 0
.thickness16_pd_n = 35
.thickness16_pd_nsigma = 3
.thickness17 = 1
.thickness17_pd = 0
.thickness17_pd_n = 35
.thickness17_pd_nsigma = 3
.thickness18 = 1
.thickness18_pd = 0
.thickness18_pd_n = 35
.thickness18_pd_nsigma = 3
.thickness19 = 1
.thickness19_pd = 0
.thickness19_pd_n = 35
.thickness19_pd_nsigma = 3
.thickness1_pd = 0
.thickness1_pd_n = 35
.thickness1_pd_nsigma = 3
.thickness2 = 1
.thickness20 = 1
.thickness20_pd = 0
.thickness20_pd_n = 35
.thickness20_pd_nsigma = 3
.thickness21 = 1
.thickness21_pd = 0
.thickness21_pd_n = 35
.thickness21_pd_nsigma = 3
.thickness22 = 1
.thickness22_pd = 0
.thickness22_pd_n = 35
.thickness22_pd_nsigma = 3
.thickness23 = 1
.thickness23_pd = 0
.thickness23_pd_n = 35
.thickness23_pd_nsigma = 3
.thickness24 = 1
.thickness24_pd = 0
.thickness24_pd_n = 35
.thickness24_pd_nsigma = 3
.thickness25 = 1
.thickness25_pd = 0
.thickness25_pd_n = 35
.thickness25_pd_nsigma = 3
.thickness26 = 1
.thickness26_pd = 0
.thickness26_pd_n = 35
.thickness26_pd_nsigma = 3
.thickness27 = 1
.thickness27_pd = 0
.thickness27_pd_n = 35
.thickness27_pd_nsigma = 3
.thickness28 = 1
.thickness28_pd = 0
.thickness28_pd_n = 35
.thickness28_pd_nsigma = 3
.thickness29 = 1
.thickness29_pd = 0
.thickness29_pd_n = 35
.thickness29_pd_nsigma = 3
.thickness2_pd = 0
.thickness2_pd_n = 35
.thickness2_pd_nsigma = 3
.thickness3 = 1
.thickness30 = 1
.thickness30_pd = 0
.thickness30_pd_n = 35
.thickness30_pd_nsigma = 3
.thickness31 = 1
.thickness31_pd = 0
.thickness31_pd_n = 35
.thickness31_pd_nsigma = 3
.thickness32 = 1
.thickness32_pd = 0
.thickness32_pd_n = 35
.thickness32_pd_nsigma = 3
.thickness33 = 1
.thickness33_pd = 0
.thickness33_pd_n = 35
.thickness33_pd_nsigma = 3
.thickness34 = 1
.thickness34_pd = 0
.thickness34_pd_n = 35
.thickness34_pd_nsigma = 3
.thickness35 = 1
.thickness35_pd = 0
.thickness35_pd_n = 35
.thickness35_pd_nsigma = 3
.thickness36 = 1
.thickness36_pd = 0
.thickness36_pd_n = 35
.thickness36_pd_nsigma = 3
.thickness37 = 1
.thickness37_pd = 0
.thickness37_pd_n = 35
.thickness37_pd_nsigma = 3
.thickness38 = 1
.thickness38_pd = 0
.thickness38_pd_n = 35
.thickness38_pd_nsigma = 3
.thickness39 = 1
.thickness39_pd = 0
.thickness39_pd_n = 35
.thickness39_pd_nsigma = 3
.thickness3_pd = 0
.thickness3_pd_n = 35
.thickness3_pd_nsigma = 3
.thickness4 = 1
.thickness40 = 1
.thickness40_pd = 0
.thickness40_pd_n = 35
.thickness40_pd_nsigma = 3
.thickness41 = 1
.thickness41_pd = 0
.thickness41_pd_n = 35
.thickness41_pd_nsigma = 3
.thickness42 = 1
.thickness42_pd = 0
.thickness42_pd_n = 35
.thickness42_pd_nsigma = 3
.thickness43 = 1
.thickness43_pd = 0
.thickness43_pd_n = 35
.thickness43_pd_nsigma = 3
.thickness44 = 1
.thickness44_pd = 0
.thickness44_pd_n = 35
.thickness44_pd_nsigma = 3
.thickness45 = 1
.thickness45_pd = 0
.thickness45_pd_n = 35
.thickness45_pd_nsigma = 3
.thickness46 = 1
.thickness46_pd = 0
.thickness46_pd_n = 35
.thickness46_pd_nsigma = 3
.thickness47 = 1
.thickness47_pd = 0
.thickness47_pd_n = 35
.thickness47_pd_nsigma = 3
.thickness48 = 1
.thickness48_pd = 0
.thickness48_pd_n = 35
.thickness48_pd_nsigma = 3
.thickness49 = 1
.thickness49_pd = 0
.thickness49_pd_n = 35
.thickness49_pd_nsigma = 3
.thickness4_pd = 0
.thickness4_pd_n = 35
.thickness4_pd_nsigma = 3
.thickness5 = 1
.thickness50 = 1
.thickness50_pd = 0
.thickness50_pd_n = 35
.thickness50_pd_nsigma = 3
.thickness51 = 1
.thickness51_pd = 0
.thickness51_pd_n = 35
.thickness51_pd_nsigma = 3
.thickness52 = 1
.thickness52_pd = 0
.thickness52_pd_n = 35
.thickness52_pd_nsigma = 3
.thickness53 = 1
.thickness53_pd = 0
.thickness53_pd_n = 35
.thickness53_pd_nsigma = 3
.thickness54 = 1
.thickness54_pd = 0
.thickness54_pd_n = 35
.thickness54_pd_nsigma = 3
.thickness55 = 1
.thickness55_pd = 0
.thickness55_pd_n = 35
.thickness55_pd_nsigma = 3
.thickness56 = 1
.thickness56_pd = 0
.thickness56_pd_n = 35
.thickness56_pd_nsigma = 3
.thickness57 = 1
.thickness57_pd = 0
.thickness57_pd_n = 35
.thickness57_pd_nsigma = 3
.thickness58 = 1
.thickness58_pd = 0
.thickness58_pd_n = 35
.thickness58_pd_nsigma = 3
.thickness59 = 1
.thickness59_pd = 0
.thickness59_pd_n = 35
.thickness59_pd_nsigma = 3
.thickness5_pd = 0
.thickness5_pd_n = 35
.thickness5_pd_nsigma = 3
.thickness6 = 1
.thickness60 = 1
.thickness60_pd = 0
.thickness60_pd_n = 35
.thickness60_pd_nsigma = 3
.thickness61 = 1
.thickness61_pd = 0
.thickness61_pd_n = 35
.thickness61_pd_nsigma = 3
.thickness62 = 1
.thickness62_pd = 0
.thickness62_pd_n = 35
.thickness62_pd_nsigma = 3
.thickness63 = 1
.thickness63_pd = 0
.thickness63_pd_n = 35
.thickness63_pd_nsigma = 3
.thickness64 = 1
.thickness64_pd = 0
.thickness64_pd_n = 35
.thickness64_pd_nsigma = 3
.thickness65 = 1
.thickness65_pd = 0
.thickness65_pd_n = 35
.thickness65_pd_nsigma = 3
.thickness66 = 1
.thickness66_pd = 0
.thickness66_pd_n = 35
.thickness66_pd_nsigma = 3
.thickness67 = 1
.thickness67_pd = 0
.thickness67_pd_n = 35
.thickness67_pd_nsigma = 3
.thickness68 = 1
.thickness68_pd = 0
.thickness68_pd_n = 35
.thickness68_pd_nsigma = 3
.thickness69 = 1
.thickness69_pd = 0
.thickness69_pd_n = 35
.thickness69_pd_nsigma = 3
.thickness6_pd = 0
.thickness6_pd_n = 35
.thickness6_pd_nsigma = 3
.thickness7 = 1
.thickness70 = 1
.thickness70_pd = 0
.thickness70_pd_n = 35
.thickness70_pd_nsigma = 3
.thickness71 = 1
.thickness71_pd = 0
.thickness71_pd_n = 35
.thickness71_pd_nsigma = 3
.thickness72 = 1
.thickness72_pd = 0
.thickness72_pd_n = 35
.thickness72_pd_nsigma = 3
.thickness73 = 1
.thickness73_pd = 0
.thickness73_pd_n = 35
.thickness73_pd_nsigma = 3
.thickness74 = 1
.thickness74_pd = 0
.thickness74_pd_n = 35
.thickness74_pd_nsigma = 3
.thickness75 = 1
.thickness75_pd = 0
.thickness75_pd_n = 35
.thickness75_pd_nsigma = 3
.thickness76 = 1
.thickness76_pd = 0
.thickness76_pd_n = 35
.thickness76_pd_nsigma = 3
.thickness77 = 1
.thickness77_pd = 0
.thickness77_pd_n = 35
.thickness77_pd_nsigma = 3
.thickness78 = 1
.thickness78_pd = 0
.thickness78_pd_n = 35
.thickness78_pd_nsigma = 3
.thickness79 = 1
.thickness79_pd = 0
.thickness79_pd_n = 35
.thickness79_pd_nsigma = 3
.thickness7_pd = 0
.thickness7_pd_n = 35
.thickness7_pd_nsigma = 3
.thickness8 = 1
.thickness80 = 1
.thickness80_pd = 0
.thickness80_pd_n = 35
.thickness80_pd_nsigma = 3
.thickness81 = 1
.thickness81_pd = 0
.thickness81_pd_n = 35
.thickness81_pd_nsigma = 3
.thickness82 = 1
.thickness82_pd = 0
.thickness82_pd_n = 35
.thickness82_pd_nsigma = 3
.thickness83 = 1
.thickness83_pd = 0
.thickness83_pd_n = 35
.thickness83_pd_nsigma = 3
.thickness84 = 1
.thickness84_pd = 0
.thickness84_pd_n = 35
.thickness84_pd_nsigma = 3
.thickness85 = 1
.thickness85_pd = 0
.thickness85_pd_n = 35
.thickness85_pd_nsigma = 3
.thickness86 = 1
.thickness86_pd = 0
.thickness86_pd_n = 35
.thickness86_pd_nsigma = 3
.thickness87 = 1
.thickness87_pd = 0
.thickness87_pd_n = 35
.thickness87_pd_nsigma = 3
.thickness88 = 1
.thickness88_pd = 0
.thickness88_pd_n = 35
.thickness88_pd_nsigma = 3
.thickness89 = 1
.thickness89_pd = 0
.thickness89_pd_n = 35
.thickness89_pd_nsigma = 3
.thickness8_pd = 0
.thickness8_pd_n = 35
.thickness8_pd_nsigma = 3
.thickness9 = 1
.thickness90 = 1
.thickness90_pd = 0
.thickness90_pd_n = 35
.thickness90_pd_nsigma = 3
.thickness91 = 1
.thickness91_pd = 0
.thickness91_pd_n = 35
.thickness91_pd_nsigma = 3
.thickness92 = 1
.thickness92_pd = 0
.thickness92_pd_n = 35
.thickness92_pd_nsigma = 3
.thickness93 = 1
.thickness93_pd = 0
.thickness93_pd_n = 35
.thickness93_pd_nsigma = 3
.thickness94 = 1
.thickness94_pd = 0
.thickness94_pd_n = 35
.thickness94_pd_nsigma = 3
.thickness95 = 1
.thickness95_pd = 0
.thickness95_pd_n = 35
.thickness95_pd_nsigma = 3
.thickness96 = 1
.thickness96_pd = 0
.thickness96_pd_n = 35
.thickness96_pd_nsigma = 3
.thickness97 = 1
.thickness97_pd = 0
.thickness97_pd_n = 35
.thickness97_pd_nsigma = 3
.thickness98 = 1
.thickness98_pd = 0
.thickness98_pd_n = 35
.thickness98_pd_nsigma = 3
.thickness99 = 1
.thickness99_pd = 0
.thickness99_pd_n = 35
.thickness99_pd_nsigma = 3
.thickness9_pd = 0
.thickness9_pd_n = 35
.thickness9_pd_nsigma = 3
.up_angle = 0
.up_frac_f = 0
.up_frac_i = 0
.up_phi = 0
.volfraction = vf0 = 0.0927062 in [0.01,0.1]

[chisq=20.997(21), nllf=2362.13]
-- Model 3 sim2.dat
.background = background2 = 1.1078 in [0.01,2]
.n = 100
.radius = 500
.radius_effective = radius = 500
.radius_effective_mode = 1
.radius_pd = 0.33
.radius_pd_n = 35
.radius_pd_nsigma = 3
.scale = scale0 = 1.58752 in [0.01,15]
.sld1 = -0.551217
.sld10 = -0.551217
.sld100 = -0.551217
.sld100_M0 = 0
.sld100_mphi = 0
.sld100_mtheta = 0
.sld10_M0 = 0
.sld10_mphi = 0
.sld10_mtheta = 0
.sld11 = -0.551216
.sld11_M0 = 0
.sld11_mphi = 0
.sld11_mtheta = 0
.sld12 = -0.551215
.sld12_M0 = 0
.sld12_mphi = 0
.sld12_mtheta = 0
.sld13 = -0.551204
.sld13_M0 = 0
.sld13_mphi = 0
.sld13_mtheta = 0
.sld14 = -0.551142
.sld14_M0 = 0
.sld14_mphi = 0
.sld14_mtheta = 0
.sld15 = -0.550838
.sld15_M0 = 0
.sld15_mphi = 0
.sld15_mtheta = 0
.sld16 = -0.549562
.sld16_M0 = 0
.sld16_mphi = 0
.sld16_mtheta = 0
.sld17 = -0.54502
.sld17_M0 = 0
.sld17_mphi = 0
.sld17_mtheta = 0
.sld18 = -0.531384
.sld18_M0 = 0
.sld18_mphi = 0
.sld18_mtheta = 0
.sld19 = -0.496905
.sld19_M0 = 0
.sld19_mphi = 0
.sld19_mtheta = 0
.sld1_M0 = 0
.sld1_mphi = 0
.sld1_mtheta = 0
.sld2 = -0.551217
.sld20 = -0.423504
.sld20_M0 = 0
.sld20_mphi = 0
.sld20_mtheta = 0
.sld21 = -0.291661
.sld21_M0 = 0
.sld21_mphi = 0
.sld21_mtheta = 0
.sld22 = -0.0908506
.sld22_M0 = 0
.sld22_mphi = 0
.sld22_mtheta = 0
.sld23 = 0.17085
.sld23_M0 = 0
.sld23_mphi = 0
.sld23_mtheta = 0
.sld24 = 0.467533
.sld24_M0 = 0
.sld24_mphi = 0
.sld24_mtheta = 0
.sld25 = 0.770577
.sld25_M0 = 0
.sld25_mphi = 0
.sld25_mtheta = 0
.sld26 = 1.07211
.sld26_M0 = 0
.sld26_mphi = 0
.sld26_mtheta = 0
.sld27 = 1.40312
.sld27_M0 = 0
.sld27_mphi = 0
.sld27_mtheta = 0
.sld28 = 1.82877
.sld28_M0 = 0
.sld28_mphi = 0
.sld28_mtheta = 0
.sld29 = 2.41018
.sld29_M0 = 0
.sld29_mphi = 0
.sld29_mtheta = 0
.sld2_M0 = 0
.sld2_mphi = 0
.sld2_mtheta = 0
.sld3 = -0.551217
.sld30 = 3.14911
.sld30_M0 = 0
.sld30_mphi = 0
.sld30_mtheta = 0
.sld31 = 3.96121
.sld31_M0 = 0
.sld31_mphi = 0
.sld31_mtheta = 0
.sld32 = 4.71119
.sld32_M0 = 0
.sld32_mphi = 0
.sld32_mtheta = 0
.sld33 = 5.28698
.sld33_M0 = 0
.sld33_mphi = 0
.sld33_mtheta = 0
.sld34 = 5.65118
.sld34_M0 = 0
.sld34_mphi = 0
.sld34_mtheta = 0
.sld35 = 5.83532
.sld35_M0 = 0
.sld35_mphi = 0
.sld35_mtheta = 0
.sld36 = 5.89768
.sld36_M0 = 0
.sld36_mphi = 0
.sld36_mtheta = 0
.sld37 = 5.8866
.sld37_M0 = 0
.sld37_mphi = 0
.sld37_mtheta = 0
.sld38 = 5.82939
.sld38_M0 = 0
.sld38_mphi = 0
.sld38_mtheta = 0
.sld39 = 5.74005
.sld39_M0 = 0
.sld39_mphi = 0
.sld39_mtheta = 0
.sld3_M0 = 0
.sld3_mphi = 0
.sld3_mtheta = 0
.sld4 = -0.551217
.sld40 = 5.63147
.sld40_M0 = 0
.sld40_mphi = 0
.sld40_mtheta = 0
.sld41 = 5.52239
.sld41_M0 = 0
.sld41_mphi = 0
.sld41_mtheta = 0
.sld42 = 5.43658
.sld42_M0 = 0
.sld42_mphi = 0
.sld42_mtheta = 0
.sld43 = 5.39585
.sld43_M0 = 0
.sld43_mphi = 0
.sld43_mtheta = 0
.sld44 = 5.41138
.sld44_M0 = 0
.sld44_mphi = 0
.sld44_mtheta = 0
.sld45 = 5.47883
.sld45_M0 = 0
.sld45_mphi = 0
.sld45_mtheta = 0
.sld46 = 5.58032
.sld46_M0 = 0
.sld46_mphi = 0
.sld46_mtheta = 0
.sld47 = 5.69186
.sld47_M0 = 0
.sld47_mphi = 0
.sld47_mtheta = 0
.sld48 = 5.79187
.sld48_M0 = 0
.sld48_mphi = 0
.sld48_mtheta = 0
.sld49 = 5.86519
.sld49_M0 = 0
.sld49_mphi = 0
.sld49_mtheta = 0
.sld4_M0 = 0
.sld4_mphi = 0
.sld4_mtheta = 0
.sld5 = -0.551217
.sld50 = 5.89965
.sld50_M0 = 0
.sld50_mphi = 0
.sld50_mtheta = 0
.sld51 = 5.87555
.sld51_M0 = 0
.sld51_mphi = 0
.sld51_mtheta = 0
.sld52 = 5.75424
.sld52_M0 = 0
.sld52_mphi = 0
.sld52_mtheta = 0
.sld53 = 5.47888
.sld53_M0 = 0
.sld53_mphi = 0
.sld53_mtheta = 0
.sld54 = 4.99997
.sld54_M0 = 0
.sld54_mphi = 0
.sld54_mtheta = 0
.sld55 = 4.3196
.sld55_M0 = 0
.sld55_mphi = 0
.sld55_mtheta = 0
.sld56 = 3.51881
.sld56_M0 = 0
.sld56_mphi = 0
.sld56_mtheta = 0
.sld57 = 2.73147
.sld57_M0 = 0
.sld57_mphi = 0
.sld57_mtheta = 0
.sld58 = 2.07312
.sld58_M0 = 0
.sld58_mphi = 0
.sld58_mtheta = 0
.sld59 = 1.58151
.sld59_M0 = 0
.sld59_mphi = 0
.sld59_mtheta = 0
.sld5_M0 = 0
.sld5_mphi = 0
.sld5_mtheta = 0
.sld6 = -0.551217
.sld60 = 1.21633
.sld60_M0 = 0
.sld60_mphi = 0
.sld60_mtheta = 0
.sld61 = 0.907699
.sld61_M0 = 0
.sld61_mphi = 0
.sld61_mtheta = 0
.sld62 = 0.606445
.sld62_M0 = 0
.sld62_mphi = 0
.sld62_mtheta = 0
.sld63 = 0.30396
.sld63_M0 = 0
.sld63_mphi = 0
.sld63_mtheta = 0
.sld64 = 0.0223602
.sld64_M0 = 0
.sld64_mphi = 0
.sld64_mtheta = 0
.sld65 = -0.208549
.sld65_M0 = 0
.sld65_mphi = 0
.sld65_mtheta = 0
.sld66 = -0.371545
.sld66_M0 = 0
.sld66_mphi = 0
.sld66_mtheta = 0
.sld67 = -0.469447
.sld67_M0 = 0
.sld67_mphi = 0
.sld67_mtheta = 0
.sld68 = -0.519164
.sld68_M0 = 0
.sld68_mphi = 0
.sld68_mtheta = 0
.sld69 = -0.540445
.sld69_M0 = 0
.sld69_mphi = 0
.sld69_mtheta = 0
.sld6_M0 = 0
.sld6_mphi = 0
.sld6_mtheta = 0
.sld7 = -0.551217
.sld70 = -0.54812
.sld70_M0 = 0
.sld70_mphi = 0
.sld70_mtheta = 0
.sld71 = -0.550454
.sld71_M0 = 0
.sld71_mphi = 0
.sld71_mtheta = 0
.sld72 = -0.551056
.sld72_M0 = 0
.sld72_mphi = 0
.sld72_mtheta = 0
.sld73 = -0.551187
.sld73_M0 = 0
.sld73_mphi = 0
.sld73_mtheta = 0
.sld74 = -0.551212
.sld74_M0 = 0
.sld74_mphi = 0
.sld74_mtheta = 0
.sld75 = -0.551216
.sld75_M0 = 0
.sld75_mphi = 0
.sld75_mtheta = 0
.sld76 = -0.551217
.sld76_M0 = 0
.sld76_mphi = 0
.sld76_mtheta = 0
.sld77 = -0.551217
.sld77_M0 = 0
.sld77_mphi = 0
.sld77_mtheta = 0
.sld78 = -0.551217
.sld78_M0 = 0
.sld78_mphi = 0
.sld78_mtheta = 0
.sld79 = -0.551217
.sld79_M0 = 0
.sld79_mphi = 0
.sld79_mtheta = 0
.sld7_M0 = 0
.sld7_mphi = 0
.sld7_mtheta = 0
.sld8 = -0.551217
.sld80 = -0.551217
.sld80_M0 = 0
.sld80_mphi = 0
.sld80_mtheta = 0
.sld81 = -0.551217
.sld81_M0 = 0
.sld81_mphi = 0
.sld81_mtheta = 0
.sld82 = -0.551217
.sld82_M0 = 0
.sld82_mphi = 0
.sld82_mtheta = 0
.sld83 = -0.551217
.sld83_M0 = 0
.sld83_mphi = 0
.sld83_mtheta = 0
.sld84 = -0.551217
.sld84_M0 = 0
.sld84_mphi = 0
.sld84_mtheta = 0
.sld85 = -0.551217
.sld85_M0 = 0
.sld85_mphi = 0
.sld85_mtheta = 0
.sld86 = -0.551217
.sld86_M0 = 0
.sld86_mphi = 0
.sld86_mtheta = 0
.sld87 = -0.551217
.sld87_M0 = 0
.sld87_mphi = 0
.sld87_mtheta = 0
.sld88 = -0.551217
.sld88_M0 = 0
.sld88_mphi = 0
.sld88_mtheta = 0
.sld89 = -0.551217
.sld89_M0 = 0
.sld89_mphi = 0
.sld89_mtheta = 0
.sld8_M0 = 0
.sld8_mphi = 0
.sld8_mtheta = 0
.sld9 = -0.551217
.sld90 = -0.551217
.sld90_M0 = 0
.sld90_mphi = 0
.sld90_mtheta = 0
.sld91 = -0.551217
.sld91_M0 = 0
.sld91_mphi = 0
.sld91_mtheta = 0
.sld92 = -0.551217
.sld92_M0 = 0
.sld92_mphi = 0
.sld92_mtheta = 0
.sld93 = -0.551217
.sld93_M0 = 0
.sld93_mphi = 0
.sld93_mtheta = 0
.sld94 = -0.551217
.sld94_M0 = 0
.sld94_mphi = 0
.sld94_mtheta = 0
.sld95 = -0.551217
.sld95_M0 = 0
.sld95_mphi = 0
.sld95_mtheta = 0
.sld96 = -0.551217
.sld96_M0 = 0
.sld96_mphi = 0
.sld96_mtheta = 0
.sld97 = -0.551217
.sld97_M0 = 0
.sld97_mphi = 0
.sld97_mtheta = 0
.sld98 = -0.551217
.sld98_M0 = 0
.sld98_mphi = 0
.sld98_mtheta = 0
.sld99 = -0.551217
.sld99_M0 = 0
.sld99_mphi = 0
.sld99_mtheta = 0
.sld9_M0 = 0
.sld9_mphi = 0
.sld9_mtheta = 0
.sld_core = sld_solvent2 = -0.551217 in [-0.56,-0.54]
.sld_core_M0 = 0
.sld_core_mphi = 0
.sld_core_mtheta = 0
.sld_solvent = sld_solvent2 = -0.551217 in [-0.56,-0.54]
.sld_solvent_M0 = 0
.sld_solvent_mphi = 0
.sld_solvent_mtheta = 0
.structure_factor_mode = 0
.thickness1 = 1
.thickness10 = 1
.thickness100 = 1
.thickness100_pd = 0
.thickness100_pd_n = 35
.thickness100_pd_nsigma = 3
.thickness10_pd = 0
.thickness10_pd_n = 35
.thickness10_pd_nsigma = 3
.thickness11 = 1
.thickness11_pd = 0
.thickness11_pd_n = 35
.thickness11_pd_nsigma = 3
.thickness12 = 1
.thickness12_pd = 0
.thickness12_pd_n = 35
.thickness12_pd_nsigma = 3
.thickness13 = 1
.thickness13_pd = 0
.thickness13_pd_n = 35
.thickness13_pd_nsigma = 3
.thickness14 = 1
.thickness14_pd = 0
.thickness14_pd_n = 35
.thickness14_pd_nsigma = 3
.thickness15 = 1
.thickness15_pd = 0
.thickness15_pd_n = 35
.thickness15_pd_nsigma = 3
.thickness16 = 1
.thickness16_pd = 0
.thickness16_pd_n = 35
.thickness16_pd_nsigma = 3
.thickness17 = 1
.thickness17_pd = 0
.thickness17_pd_n = 35
.thickness17_pd_nsigma = 3
.thickness18 = 1
.thickness18_pd = 0
.thickness18_pd_n = 35
.thickness18_pd_nsigma = 3
.thickness19 = 1
.thickness19_pd = 0
.thickness19_pd_n = 35
.thickness19_pd_nsigma = 3
.thickness1_pd = 0
.thickness1_pd_n = 35
.thickness1_pd_nsigma = 3
.thickness2 = 1
.thickness20 = 1
.thickness20_pd = 0
.thickness20_pd_n = 35
.thickness20_pd_nsigma = 3
.thickness21 = 1
.thickness21_pd = 0
.thickness21_pd_n = 35
.thickness21_pd_nsigma = 3
.thickness22 = 1
.thickness22_pd = 0
.thickness22_pd_n = 35
.thickness22_pd_nsigma = 3
.thickness23 = 1
.thickness23_pd = 0
.thickness23_pd_n = 35
.thickness23_pd_nsigma = 3
.thickness24 = 1
.thickness24_pd = 0
.thickness24_pd_n = 35
.thickness24_pd_nsigma = 3
.thickness25 = 1
.thickness25_pd = 0
.thickness25_pd_n = 35
.thickness25_pd_nsigma = 3
.thickness26 = 1
.thickness26_pd = 0
.thickness26_pd_n = 35
.thickness26_pd_nsigma = 3
.thickness27 = 1
.thickness27_pd = 0
.thickness27_pd_n = 35
.thickness27_pd_nsigma = 3
.thickness28 = 1
.thickness28_pd = 0
.thickness28_pd_n = 35
.thickness28_pd_nsigma = 3
.thickness29 = 1
.thickness29_pd = 0
.thickness29_pd_n = 35
.thickness29_pd_nsigma = 3
.thickness2_pd = 0
.thickness2_pd_n = 35
.thickness2_pd_nsigma = 3
.thickness3 = 1
.thickness30 = 1
.thickness30_pd = 0
.thickness30_pd_n = 35
.thickness30_pd_nsigma = 3
.thickness31 = 1
.thickness31_pd = 0
.thickness31_pd_n = 35
.thickness31_pd_nsigma = 3
.thickness32 = 1
.thickness32_pd = 0
.thickness32_pd_n = 35
.thickness32_pd_nsigma = 3
.thickness33 = 1
.thickness33_pd = 0
.thickness33_pd_n = 35
.thickness33_pd_nsigma = 3
.thickness34 = 1
.thickness34_pd = 0
.thickness34_pd_n = 35
.thickness34_pd_nsigma = 3
.thickness35 = 1
.thickness35_pd = 0
.thickness35_pd_n = 35
.thickness35_pd_nsigma = 3
.thickness36 = 1
.thickness36_pd = 0
.thickness36_pd_n = 35
.thickness36_pd_nsigma = 3
.thickness37 = 1
.thickness37_pd = 0
.thickness37_pd_n = 35
.thickness37_pd_nsigma = 3
.thickness38 = 1
.thickness38_pd = 0
.thickness38_pd_n = 35
.thickness38_pd_nsigma = 3
.thickness39 = 1
.thickness39_pd = 0
.thickness39_pd_n = 35
.thickness39_pd_nsigma = 3
.thickness3_pd = 0
.thickness3_pd_n = 35
.thickness3_pd_nsigma = 3
.thickness4 = 1
.thickness40 = 1
.thickness40_pd = 0
.thickness40_pd_n = 35
.thickness40_pd_nsigma = 3
.thickness41 = 1
.thickness41_pd = 0
.thickness41_pd_n = 35
.thickness41_pd_nsigma = 3
.thickness42 = 1
.thickness42_pd = 0
.thickness42_pd_n = 35
.thickness42_pd_nsigma = 3
.thickness43 = 1
.thickness43_pd = 0
.thickness43_pd_n = 35
.thickness43_pd_nsigma = 3
.thickness44 = 1
.thickness44_pd = 0
.thickness44_pd_n = 35
.thickness44_pd_nsigma = 3
.thickness45 = 1
.thickness45_pd = 0
.thickness45_pd_n = 35
.thickness45_pd_nsigma = 3
.thickness46 = 1
.thickness46_pd = 0
.thickness46_pd_n = 35
.thickness46_pd_nsigma = 3
.thickness47 = 1
.thickness47_pd = 0
.thickness47_pd_n = 35
.thickness47_pd_nsigma = 3
.thickness48 = 1
.thickness48_pd = 0
.thickness48_pd_n = 35
.thickness48_pd_nsigma = 3
.thickness49 = 1
.thickness49_pd = 0
.thickness49_pd_n = 35
.thickness49_pd_nsigma = 3
.thickness4_pd = 0
.thickness4_pd_n = 35
.thickness4_pd_nsigma = 3
.thickness5 = 1
.thickness50 = 1
.thickness50_pd = 0
.thickness50_pd_n = 35
.thickness50_pd_nsigma = 3
.thickness51 = 1
.thickness51_pd = 0
.thickness51_pd_n = 35
.thickness51_pd_nsigma = 3
.thickness52 = 1
.thickness52_pd = 0
.thickness52_pd_n = 35
.thickness52_pd_nsigma = 3
.thickness53 = 1
.thickness53_pd = 0
.thickness53_pd_n = 35
.thickness53_pd_nsigma = 3
.thickness54 = 1
.thickness54_pd = 0
.thickness54_pd_n = 35
.thickness54_pd_nsigma = 3
.thickness55 = 1
.thickness55_pd = 0
.thickness55_pd_n = 35
.thickness55_pd_nsigma = 3
.thickness56 = 1
.thickness56_pd = 0
.thickness56_pd_n = 35
.thickness56_pd_nsigma = 3
.thickness57 = 1
.thickness57_pd = 0
.thickness57_pd_n = 35
.thickness57_pd_nsigma = 3
.thickness58 = 1
.thickness58_pd = 0
.thickness58_pd_n = 35
.thickness58_pd_nsigma = 3
.thickness59 = 1
.thickness59_pd = 0
.thickness59_pd_n = 35
.thickness59_pd_nsigma = 3
.thickness5_pd = 0
.thickness5_pd_n = 35
.thickness5_pd_nsigma = 3
.thickness6 = 1
.thickness60 = 1
.thickness60_pd = 0
.thickness60_pd_n = 35
.thickness60_pd_nsigma = 3
.thickness61 = 1
.thickness61_pd = 0
.thickness61_pd_n = 35
.thickness61_pd_nsigma = 3
.thickness62 = 1
.thickness62_pd = 0
.thickness62_pd_n = 35
.thickness62_pd_nsigma = 3
.thickness63 = 1
.thickness63_pd = 0
.thickness63_pd_n = 35
.thickness63_pd_nsigma = 3
.thickness64 = 1
.thickness64_pd = 0
.thickness64_pd_n = 35
.thickness64_pd_nsigma = 3
.thickness65 = 1
.thickness65_pd = 0
.thickness65_pd_n = 35
.thickness65_pd_nsigma = 3
.thickness66 = 1
.thickness66_pd = 0
.thickness66_pd_n = 35
.thickness66_pd_nsigma = 3
.thickness67 = 1
.thickness67_pd = 0
.thickness67_pd_n = 35
.thickness67_pd_nsigma = 3
.thickness68 = 1
.thickness68_pd = 0
.thickness68_pd_n = 35
.thickness68_pd_nsigma = 3
.thickness69 = 1
.thickness69_pd = 0
.thickness69_pd_n = 35
.thickness69_pd_nsigma = 3
.thickness6_pd = 0
.thickness6_pd_n = 35
.thickness6_pd_nsigma = 3
.thickness7 = 1
.thickness70 = 1
.thickness70_pd = 0
.thickness70_pd_n = 35
.thickness70_pd_nsigma = 3
.thickness71 = 1
.thickness71_pd = 0
.thickness71_pd_n = 35
.thickness71_pd_nsigma = 3
.thickness72 = 1
.thickness72_pd = 0
.thickness72_pd_n = 35
.thickness72_pd_nsigma = 3
.thickness73 = 1
.thickness73_pd = 0
.thickness73_pd_n = 35
.thickness73_pd_nsigma = 3
.thickness74 = 1
.thickness74_pd = 0
.thickness74_pd_n = 35
.thickness74_pd_nsigma = 3
.thickness75 = 1
.thickness75_pd = 0
.thickness75_pd_n = 35
.thickness75_pd_nsigma = 3
.thickness76 = 1
.thickness76_pd = 0
.thickness76_pd_n = 35
.thickness76_pd_nsigma = 3
.thickness77 = 1
.thickness77_pd = 0
.thickness77_pd_n = 35
.thickness77_pd_nsigma = 3
.thickness78 = 1
.thickness78_pd = 0
.thickness78_pd_n = 35
.thickness78_pd_nsigma = 3
.thickness79 = 1
.thickness79_pd = 0
.thickness79_pd_n = 35
.thickness79_pd_nsigma = 3
.thickness7_pd = 0
.thickness7_pd_n = 35
.thickness7_pd_nsigma = 3
.thickness8 = 1
.thickness80 = 1
.thickness80_pd = 0
.thickness80_pd_n = 35
.thickness80_pd_nsigma = 3
.thickness81 = 1
.thickness81_pd = 0
.thickness81_pd_n = 35
.thickness81_pd_nsigma = 3
.thickness82 = 1
.thickness82_pd = 0
.thickness82_pd_n = 35
.thickness82_pd_nsigma = 3
.thickness83 = 1
.thickness83_pd = 0
.thickness83_pd_n = 35
.thickness83_pd_nsigma = 3
.thickness84 = 1
.thickness84_pd = 0
.thickness84_pd_n = 35
.thickness84_pd_nsigma = 3
.thickness85 = 1
.thickness85_pd = 0
.thickness85_pd_n = 35
.thickness85_pd_nsigma = 3
.thickness86 = 1
.thickness86_pd = 0
.thickness86_pd_n = 35
.thickness86_pd_nsigma = 3
.thickness87 = 1
.thickness87_pd = 0
.thickness87_pd_n = 35
.thickness87_pd_nsigma = 3
.thickness88 = 1
.thickness88_pd = 0
.thickness88_pd_n = 35
.thickness88_pd_nsigma = 3
.thickness89 = 1
.thickness89_pd = 0
.thickness89_pd_n = 35
.thickness89_pd_nsigma = 3
.thickness8_pd = 0
.thickness8_pd_n = 35
.thickness8_pd_nsigma = 3
.thickness9 = 1
.thickness90 = 1
.thickness90_pd = 0
.thickness90_pd_n = 35
.thickness90_pd_nsigma = 3
.thickness91 = 1
.thickness91_pd = 0
.thickness91_pd_n = 35
.thickness91_pd_nsigma = 3
.thickness92 = 1
.thickness92_pd = 0
.thickness92_pd_n = 35
.thickness92_pd_nsigma = 3
.thickness93 = 1
.thickness93_pd = 0
.thickness93_pd_n = 35
.thickness93_pd_nsigma = 3
.thickness94 = 1
.thickness94_pd = 0
.thickness94_pd_n = 35
.thickness94_pd_nsigma = 3
.thickness95 = 1
.thickness95_pd = 0
.thickness95_pd_n = 35
.thickness95_pd_nsigma = 3
.thickness96 = 1
.thickness96_pd = 0
.thickness96_pd_n = 35
.thickness96_pd_nsigma = 3
.thickness97 = 1
.thickness97_pd = 0
.thickness97_pd_n = 35
.thickness97_pd_nsigma = 3
.thickness98 = 1
.thickness98_pd = 0
.thickness98_pd_n = 35
.thickness98_pd_nsigma = 3
.thickness99 = 1
.thickness99_pd = 0
.thickness99_pd_n = 35
.thickness99_pd_nsigma = 3
.thickness9_pd = 0
.thickness9_pd_n = 35
.thickness9_pd_nsigma = 3
.up_angle = 0
.up_frac_f = 0
.up_frac_i = 0
.up_phi = 0
.volfraction = vf0 = 0.0927062 in [0.01,0.1]

[chisq=13.590(21), nllf=1542.45]
[overall chisq=15.583(19), nllf=5220.39]
              Parameter       mean  median    best [   68% interval] [   95% interval]
 1            frac_deut  0.876(37)   0.874   0.858 [   0.84    0.92] [   0.81    0.95]
 2              l_lipid   10.0(11)   9.877  11.055 [   8.71   11.23] [   8.16   11.86]
 3                sigma   2.53(30)   2.542   2.306 [   2.17    2.89] [   2.02    2.98]
 4          background0  67(15)e-3  0.0660  0.0677 [  0.056   0.079] [  0.040   0.100]
 5               scale0    5.2(36)    3.44    1.59 [    2.0     9.6] [    1.4    14.0]
 6         sld_solvent0  6.295(62)   6.291   6.262 [   6.23    6.37] [   6.20    6.40]
 7                  vf0  49(26)e-3  0.0457  0.0927 [  0.019   0.081] [  0.012   0.096]
 8          background1  0.673(41)   0.675   0.690 [   0.64    0.71] [   0.59    0.75]
 9         sld_solvent1   1.86(32)   1.879   1.909 [   1.51    2.15] [   1.21    2.45]
10          background2  1.103(84)   1.099   1.108 [   1.04    1.17] [   0.93    1.31]
11         sld_solvent2 -0.5506(59) -0.5507 -0.5512 [ -0.558  -0.544] [ -0.560  -0.540]

Statistics and plots based on 12099 samples (100.0% of total samples drawn)
