-- Model 0 sim0
.probe
  .back_absorption = back_absorption sim0 = 1
  .background = background_0 = 7.26302e-07 in [-1e-07,1e-05]
  .intensity = 1.02531 in [0.9,1.05]
  .sample_broadening = 0.0064672 in [-0.005,0.02]
  .theta_offset = -0.00818932 in [-0.015,0.005]
.sample
  .layers
    [0]
      .interface = siox_interface = 5.51292 in [2,9]
      .material
        .irho = silicon irho = 0
        .rho = silicon rho = 2.069
      .thickness = silicon thickness = 0
    [1]
      .interface = siox_interface = 5.51292 in [2,9]
      .material
        .irho = siox irho = 0
        .rho = rho_siox = 3.66447 in [3.1,5.1]
      .thickness = siox_thickness = 7.0873 in [5,40]
    [2]
      .interface = tiox interface = 0
      .material
        .irho = tiox irho = 0
        .rho = rho_tiox = 2.29711 in [1.163,3.163]
      .thickness = tiox_thickness = 117.646 in [66.379,266.38]
    [3]
      .bulknsld = rho_solv_0 = 5.78177 in [5.3,6.5]
      .global_rough = tiox_roughness = 5.12387 in [2,9]
      .interface = bilayer interface = 0
      .l_lipid1 = inner_acyl_chain_thickness = 14.8177 in [8,16]
      .l_lipid2 = outer_acyl_chain_thickness = 10.4538 in [8,16]
      .l_submembrane = submembrane_thickness = 13.4221 in [0,50]
      .rho_substrate = rho_tiox = 2.29711 in [1.163,3.163]
      .sigma = bilayer_roughness = 5.21359 in [2,9]
      .thickness = bilayer thickness = 150
      .vf_bilayer = volume_fraction_bilayer = 0.983741 in [0,1]
    [4]
      .interface = d2o interface = 5
      .material
        .irho = d2o irho = 0
        .rho = rho_solv_0 = 5.78177 in [5.3,6.5]
      .thickness = d2o thickness = 0
  .thickness = stack thickness = 274.734

[chisq=4.53(14), nllf=291.892]
-- Model 1 sim1
.probe
  .back_absorption = back_absorption sim1 = 1
  .background = background_1 = 2.50468e-06 in [-1e-07,1e-05]
  .intensity = 1.02531 in [0.9,1.05]
  .sample_broadening = 0.0064672 in [-0.005,0.02]
  .theta_offset = -0.00818932 in [-0.015,0.005]
.sample
  .layers
    [0]
      .interface = siox_interface = 5.51292 in [2,9]
      .material
        .irho = silicon irho = 0
        .rho = silicon rho = 2.069
      .thickness = silicon thickness = 0
    [1]
      .interface = siox_interface = 5.51292 in [2,9]
      .material
        .irho = siox irho = 0
        .rho = rho_siox = 3.66447 in [3.1,5.1]
      .thickness = siox_thickness = 7.0873 in [5,40]
    [2]
      .interface = tiox interface = 0
      .material
        .irho = tiox irho = 0
        .rho = rho_tiox = 2.29711 in [1.163,3.163]
      .thickness = tiox_thickness = 117.646 in [66.379,266.38]
    [3]
      .bulknsld = rho_solv_1 = -0.0886732 in [-0.6,0.6]
      .global_rough = tiox_roughness = 5.12387 in [2,9]
      .interface = bilayer interface = 0
      .l_lipid1 = inner_acyl_chain_thickness = 14.8177 in [8,16]
      .l_lipid2 = outer_acyl_chain_thickness = 10.4538 in [8,16]
      .l_submembrane = submembrane_thickness = 13.4221 in [0,50]
      .rho_substrate = rho_tiox = 2.29711 in [1.163,3.163]
      .sigma = bilayer_roughness = 5.21359 in [2,9]
      .thickness = bilayer thickness = 150
      .vf_bilayer = volume_fraction_bilayer = 0.983741 in [0,1]
    [4]
      .interface = h2o interface = 5
      .material
        .irho = h2o irho = 0
        .rho = rho_solv_1 = -0.0886732 in [-0.6,0.6]
      .thickness = h2o thickness = 0
  .thickness = stack thickness = 274.734

[chisq=3.95(14), nllf=255.077]
[overall chisq=4.558(84), nllf=546.969]
              Parameter       mean  median    best [   68% interval] [   95% interval]
 1         background_0 1.9(14)e-6 0.00000149 0.00000073 [0.0000005 0.0000032] [0.0000001 0.0000058]
 2            intensity  0.978(41)   0.979   1.025 [   0.93    1.02] [   0.91    1.05]
 3    sample_broadening 7.1(71)e-3  0.0070  0.0065 [ -0.001   0.016] [ -0.004   0.019]
 4         theta_offset -4.5(60)e-3 -0.0034 -0.0082 [ -0.012   0.002] [ -0.015   0.004]
 5       siox_interface    6.4(19)   6.721   5.513 [   4.17    8.36] [   2.37    8.93]
 6             rho_siox   3.72(52)   3.572   3.664 [   3.21    4.33] [   3.12    4.97]
 7       siox_thickness   15.8(98)   12.55    7.09 [    6.4    27.8] [    5.2    36.9]
 8             rho_tiox   2.20(27)   2.252   2.297 [   1.92    2.45] [   1.47    2.59]
 9       tiox_thickness    129(45)   113.1   117.6 [     94     182] [     74     249]
10           rho_solv_0   5.95(21)   5.953   5.782 [   5.73    6.18] [   5.53    6.31]
11       tiox_roughness    6.0(20)   6.210   5.124 [   3.66    8.23] [   2.28    8.83]
12 inner_acyl_chain_thickness   12.2(21)  12.100  14.818 [   9.92   14.67] [   8.42   15.84]
13 outer_acyl_chain_thickness   12.2(23)  12.129  10.454 [   9.66   14.88] [   8.24   15.75]
14 submembrane_thickness   18.1(62)   17.10   13.42 [   12.2    24.6] [    9.0    30.6]
15    bilayer_roughness    4.8(18)   4.743   5.214 [   2.88    6.82] [   2.11    8.42]
16 volume_fraction_bilayer   0.79(18)   0.852   0.984 [   0.64    0.95] [   0.28    0.99]
17         background_1 4.9(24)e-6 0.00000483 0.00000250 [0.0000025 0.0000075] [0.0000004 0.0000095]
18           rho_solv_1  -0.04(33)  -0.073  -0.089 [  -0.41    0.35] [  -0.58    0.54]

Statistics and plots based on 10980 samples (100.0% of total samples drawn)
