-- Model 0 sim0.dat
.background = background0 = 0.15899 in [0.01,0.8]
.radius = 59.969 in [40,80]
.radius_pd = 0.498686 in [0.3,0.5]
.radius_pd_n = 35
.radius_pd_nsigma = 3
.scale = 0.00430638 in [0.001,0.006]
.sld = 3.37187 in [2,4]
.sld_M0 = 0
.sld_mphi = 0
.sld_mtheta = 0
.sld_solvent = sld_solvent0 = 4.05695 in [-0.56,6.4]
.sld_solvent_M0 = 0
.sld_solvent_mphi = 0
.sld_solvent_mtheta = 0
.up_angle = 0
.up_frac_f = 0
.up_frac_i = 0
.up_phi = 0

[chisq=15.107(28), nllf=1895.92]
-- Model 1 sim1.dat
.background = background1 = 0.295572 in [0.01,0.8]
.radius = 59.969 in [40,80]
.radius_pd = 0.498686 in [0.3,0.5]
.radius_pd_n = 35
.radius_pd_nsigma = 3
.scale = 0.00430638 in [0.001,0.006]
.sld = 3.37187 in [2,4]
.sld_M0 = 0
.sld_mphi = 0
.sld_mtheta = 0
.sld_solvent = sld_solvent1 = 3.51461 in [-0.56,6.4]
.sld_solvent_M0 = 0
.sld_solvent_mphi = 0
.sld_solvent_mtheta = 0
.up_angle = 0
.up_frac_f = 0
.up_frac_i = 0
.up_phi = 0

[chisq=18.725(28), nllf=2349.93]
[overall chisq=17.190(19), nllf=4245.85]
              Parameter       mean  median    best [   68% interval] [   95% interval]
 1          background0 0.159000(75) 0.158994 0.158990 [0.15893 0.15908] [0.15886 0.15913]
 2               radius   62.6(33)   61.50   59.97 [   59.7    65.6] [   59.0    72.0]
 3            radius_pd  0.462(39)   0.475   0.499 [   0.43    0.49] [   0.35    0.50]
 4                scale 2.4(14)e-3 0.00203 0.00431 [ 0.0012  0.0038] [ 0.0011  0.0059]
 5                  sld   2.93(58)   2.833   3.372 [   2.29    3.70] [   2.05    3.96]
 6         sld_solvent0    3.1(13)   3.435   4.057 [   1.48    4.52] [   1.01    5.31]
 7          background1 0.295532(86) 0.295534 0.295572 [0.29543 0.29562] [0.29537 0.29570]
 8         sld_solvent1   2.92(62)   2.846   3.515 [   2.27    3.57] [   1.86    4.18]

Statistics and plots based on 8769 samples (100.0% of total samples drawn)
